"../../../Engine/Content/Animation/DefaultAnimBoneCompressionSettings.uasset" 0
"../../../../../../Jeux Unreal/Christmas_Jam/Content/AI/Elves/Elve_Skeleton.uasset" 1
"../../../../../../Jeux Unreal/Christmas_Jam/Content/AI/Elves/Anims/Idle_Anim.uasset" 2
"../../../../../../Jeux Unreal/Christmas_Jam/Content/AI/Elves/Anims/Running_Anim.uasset" 3
"../../../../../../Jeux Unreal/Christmas_Jam/Content/AI/Elves/Anims/Walking_Anim.uasset" 4
"../../../../../../Jeux Unreal/Christmas_Jam/Content/AI/Elves/Elve_Skeleton_BlendSpace1D.uasset" 5
"../../../Engine/Content/EditorBlueprintResources/StandardMacros.uasset" 6
"../../../../../../Jeux Unreal/Christmas_Jam/Content/AI/Elves/Elve_Skeleton_AnimBlueprint.uasset" 7
"../../../../../../Jeux Unreal/Christmas_Jam/Content/AI/Elves/Anims/Goalie_Throw_Anim.uasset" 8
"../../../../../../Jeux Unreal/Christmas_Jam/Content/AI/Elves/Anims/Goalie_Throw_Anim_Montage.uasset" 9
"../../../../../../Jeux Unreal/Christmas_Jam/Content/AI/Elves/Anims/Hit_from_front_Anim.uasset" 10
"../../../../../../Jeux Unreal/Christmas_Jam/Content/AI/Elves/Anims/Hit_from_front_Anim_Montage.uasset" 11
"../../../../../../Jeux Unreal/Christmas_Jam/Content/AI/Combat_Interface.uasset" 12
"../../../../../../Jeux Unreal/Christmas_Jam/Content/AI/ChaseStatus.uasset" 13
"../../../../../../Jeux Unreal/Christmas_Jam/Content/AI/NPC_BB.uasset" 14
"../../../../../../Jeux Unreal/Christmas_Jam/Content/AI/ChangeStatus.uasset" 15
"../../../../../../Jeux Unreal/Christmas_Jam/Content/AI/ChasePlayer.uasset" 16
"../../../../../../Jeux Unreal/Christmas_Jam/Content/AI/DecrementPathIndex.uasset" 17
"../../../../../../Jeux Unreal/Christmas_Jam/Content/AI/PatrolPath.uasset" 18
"../../../../../../Jeux Unreal/Christmas_Jam/Content/AI/FindPathPoint.uasset" 19
"../../../../../../Jeux Unreal/Christmas_Jam/Content/AI/FindPlayerLocation.uasset" 20
"../../../../../../Jeux Unreal/Christmas_Jam/Content/AI/FindRandomLocation.uasset" 21
"../../../../../../Jeux Unreal/Christmas_Jam/Content/AI/GoToRandomPosition.uasset" 22
"../../../../../../Jeux Unreal/Christmas_Jam/Content/AI/HitReaction.uasset" 23
"../../../../../../Jeux Unreal/Christmas_Jam/Content/AI/IncrementPathIndex.uasset" 24
"../../../../../../Jeux Unreal/Christmas_Jam/Content/AI/IsNPCHit.uasset" 25
"../../../../../../Jeux Unreal/Christmas_Jam/Content/AI/LoopPath.uasset" 26
"../../../../../../Jeux Unreal/Christmas_Jam/Content/AI/MeleeAttack.uasset" 27
"../../../../../../Jeux Unreal/Christmas_Jam/Content/AI/NPC_BT.uasset" 28
"../../../../../../Jeux Unreal/Christmas_Jam/Content/FirstPerson/Character/Mesh/SK_Mannequin_Arms_Skeleton.uasset" 29
"../../../../../../Jeux Unreal/Christmas_Jam/Content/FirstPerson/Animations/FirstPerson_Idle.uasset" 30
"../../../../../../Jeux Unreal/Christmas_Jam/Content/FirstPerson/Animations/FirstPerson_JumpEnd.uasset" 31
"../../../../../../Jeux Unreal/Christmas_Jam/Content/FirstPerson/Animations/FirstPerson_JumpLoop.uasset" 32
"../../../../../../Jeux Unreal/Christmas_Jam/Content/FirstPerson/Animations/FirstPerson_JumpStart.uasset" 33
"../../../../../../Jeux Unreal/Christmas_Jam/Content/Sounds/Walk/walk3.uasset" 34
"../../../../../../Jeux Unreal/Christmas_Jam/Content/FirstPerson/Animations/FirstPerson_Run.uasset" 35
"../../../../../../Jeux Unreal/Christmas_Jam/Content/FirstPerson/Animations/FirstPerson_AnimBP.uasset" 36
"../../../../../../Jeux Unreal/Christmas_Jam/Content/FirstPerson/Animations/FirstPerson_Fire.uasset" 37
"../../../../../../Jeux Unreal/Christmas_Jam/Content/FirstPerson/Animations/FirstPersonFire_Montage.uasset" 38
"../../../../../../Jeux Unreal/Christmas_Jam/Content/FX/Confettis/Texture_confettis.uasset" 39
"../../../../../../Jeux Unreal/Christmas_Jam/Content/FX/Confettis/Confettis_M.uasset" 40
"../../../../../../Jeux Unreal/Christmas_Jam/Content/FX/Confettis/Confettis_P.uasset" 41
"../../../../../../Jeux Unreal/Christmas_Jam/Content/Graphs/Gift_test/defaultGiftMat.uasset" 42
"../../../../../../Jeux Unreal/Christmas_Jam/Content/Graphs/Gift_test/Gift_obj.uasset" 43
"../../../../../../Jeux Unreal/Christmas_Jam/Content/Sounds/impact_ai_hit.uasset" 44
"../../../../../../Jeux Unreal/Christmas_Jam/Content/Sounds/impact_environment.uasset" 45
"../../../../../../Jeux Unreal/Christmas_Jam/Content/Sounds/impact_player_hit.uasset" 46
"../../../../../../Jeux Unreal/Christmas_Jam/Content/FirstPersonBP/Blueprints/FirstPersonProjectile.uasset" 47
"../../../../../../Jeux Unreal/Christmas_Jam/Content/EToReload.uasset" 48
"../../../Engine/Content/Functions/Engine_MaterialFunctions02/Utility/BlendAngleCorrectedNormals.uasset" 49
"../../../Engine/Content/Functions/MaterialLayerFunctions/MatLayerBlend_NormalBlend.uasset" 50
"../../../Engine/Content/Functions/MaterialLayerFunctions/MatLayerBlend_Simple.uasset" 51
"../../../../../../Jeux Unreal/Christmas_Jam/Content/FirstPerson/Character/Materials/MaterialLayers/T_ML_Rubber_Blue_01_D.uasset" 52
"../../../../../../Jeux Unreal/Christmas_Jam/Content/FirstPerson/Character/Materials/MaterialLayers/T_ML_Rubber_Blue_01_N.uasset" 53
"../../../../../../Jeux Unreal/Christmas_Jam/Content/FirstPerson/Character/Materials/MaterialLayers/ML_GlossyBlack_Latex_UE4.uasset" 54
"../../../../../../Jeux Unreal/Christmas_Jam/Content/FirstPerson/Character/Materials/MaterialLayers/ML_Plastic_Shiny_Beige.uasset" 55
"../../../../../../Jeux Unreal/Christmas_Jam/Content/FirstPerson/Character/Textures/UE4_LOGO_CARD.uasset" 56
"../../../../../../Jeux Unreal/Christmas_Jam/Content/FirstPerson/Character/Materials/MaterialLayers/ML_Plastic_Shiny_Beige_LOGO.uasset" 57
"../../../../../../Jeux Unreal/Christmas_Jam/Content/FirstPerson/Character/Materials/MaterialLayers/T_ML_Aluminum01.uasset" 58
"../../../../../../Jeux Unreal/Christmas_Jam/Content/FirstPerson/Character/Materials/MaterialLayers/T_ML_Aluminum01_N.uasset" 59
"../../../../../../Jeux Unreal/Christmas_Jam/Content/FirstPerson/Character/Materials/MaterialLayers/ML_SoftMetal_UE4.uasset" 60
"../../../../../../Jeux Unreal/Christmas_Jam/Content/FirstPerson/Character/Textures/UE4_Mannequin__normals.uasset" 61
"../../../../../../Jeux Unreal/Christmas_Jam/Content/FirstPerson/Character/Textures/UE4_Mannequin_MAT_MASKA.uasset" 62
"../../../../../../Jeux Unreal/Christmas_Jam/Content/FirstPerson/Character/Materials/M_UE4Man_Body.uasset" 63
"../../../../../../Jeux Unreal/Christmas_Jam/Content/FirstPerson/Character/Mesh/SK_Mannequin_Arms_PhysicsAsset.uasset" 64
"../../../../../../Jeux Unreal/Christmas_Jam/Content/FirstPerson/Character/Mesh/SK_Mannequin_Arms.uasset" 65
"../../../../../../Jeux Unreal/Christmas_Jam/Content/FirstPerson/FPWeapon/Materials/MaterialLayers/T_ML_Rubber_Blue_01_D.uasset" 66
"../../../../../../Jeux Unreal/Christmas_Jam/Content/FirstPerson/FPWeapon/Materials/MaterialLayers/T_ML_Rubber_Blue_01_N.uasset" 67
"../../../../../../Jeux Unreal/Christmas_Jam/Content/FirstPerson/FPWeapon/Materials/MaterialLayers/ML_GlossyBlack_Latex_UE4.uasset" 68
"../../../../../../Jeux Unreal/Christmas_Jam/Content/FirstPerson/FPWeapon/Materials/MaterialLayers/ML_Plastic_Shiny_Beige.uasset" 69
"../../../../../../Jeux Unreal/Christmas_Jam/Content/FirstPerson/FPWeapon/Materials/MaterialLayers/ML_Screen.uasset" 70
"../../../../../../Jeux Unreal/Christmas_Jam/Content/FirstPerson/FPWeapon/Materials/MaterialLayers/T_ML_Aluminum01.uasset" 71
"../../../../../../Jeux Unreal/Christmas_Jam/Content/FirstPerson/FPWeapon/Materials/MaterialLayers/T_ML_Aluminum01_N.uasset" 72
"../../../../../../Jeux Unreal/Christmas_Jam/Content/FirstPerson/FPWeapon/Materials/MaterialLayers/ML_SoftMetal_UE4.uasset" 73
"../../../../../../Jeux Unreal/Christmas_Jam/Content/FirstPerson/FPWeapon/Textures/T_FPGun_M.uasset" 74
"../../../../../../Jeux Unreal/Christmas_Jam/Content/FirstPerson/FPWeapon/Textures/T_FPGun_N.uasset" 75
"../../../../../../Jeux Unreal/Christmas_Jam/Content/FirstPerson/FPWeapon/Materials/M_FPGun.uasset" 76
"../../../../../../Jeux Unreal/Christmas_Jam/Content/FirstPerson/FPWeapon/Mesh/SK_FPGun_Skeleton.uasset" 77
"../../../../../../Jeux Unreal/Christmas_Jam/Content/FirstPerson/FPWeapon/Mesh/SK_FPGun.uasset" 78
"../../../../../../Jeux Unreal/Christmas_Jam/Content/UI/Snowy_Christmas_-_Personal_Use.uasset" 79
"../../../../../../Jeux Unreal/Christmas_Jam/Content/UI/Snowy_Christmas_-_Personal_Use_Font.uasset" 80
"../../../../../../Jeux Unreal/Christmas_Jam/Content/UI/UI_Bouton.uasset" 81
"../../../../../../Jeux Unreal/Christmas_Jam/Content/FirstPersonBP/Widgets/Pause.uasset" 82
"../../../../../../Jeux Unreal/Christmas_Jam/Content/Player/02_-_Default.uasset" 83
"../../../../../../Jeux Unreal/Christmas_Jam/Content/Player/03_-_Default.uasset" 84
"../../../../../../Jeux Unreal/Christmas_Jam/Content/Player/04_-_Default.uasset" 85
"../../../../../../Jeux Unreal/Christmas_Jam/Content/Player/05_-_Default.uasset" 86
"../../../../../../Jeux Unreal/Christmas_Jam/Content/Player/Material__251.uasset" 87
"../../../../../../Jeux Unreal/Christmas_Jam/Content/Player/test_anim_tir_unreal.uasset" 88
"../../../../../../Jeux Unreal/Christmas_Jam/Content/Sounds/gun_empty.uasset" 89
"../../../../../../Jeux Unreal/Christmas_Jam/Content/Sounds/gun_reload.uasset" 90
"../../../../../../Jeux Unreal/Christmas_Jam/Content/Sounds/gun_shoot.uasset" 91
"../../../../../../Jeux Unreal/Christmas_Jam/Content/Sounds/player_dash.uasset" 92
"../../../../../../Jeux Unreal/Christmas_Jam/Content/UI/UI_Munitions.uasset" 93
"../../../../../../Jeux Unreal/Christmas_Jam/Content/WG_Munitions.uasset" 94
"../../../../../../Jeux Unreal/Christmas_Jam/Content/FirstPersonBP/Blueprints/FirstPersonCharacter.uasset" 95
"../../../../../../Jeux Unreal/Christmas_Jam/Content/AI/NPC_AI.uasset" 96
"../../../../../../Jeux Unreal/Christmas_Jam/Content/AI/Elves/Texture/C_Elf_M_Elf_BaseColor.uasset" 97
"../../../../../../Jeux Unreal/Christmas_Jam/Content/AI/Elves/Texture/ElveMat.uasset" 98
"../../../../../../Jeux Unreal/Christmas_Jam/Content/AI/Elves/PhysicsAssets/Elve_PhysicsAsset.uasset" 99
"../../../../../../Jeux Unreal/Christmas_Jam/Content/AI/Elves/SkeletonMesh/Elve.uasset" 100
"../../../../../../Jeux Unreal/Christmas_Jam/Content/Sounds/ai_throw.uasset" 101
"../../../../../../Jeux Unreal/Christmas_Jam/Content/AI/NPC.uasset" 102
"../../../../../../Jeux Unreal/Christmas_Jam/Content/AI/ChangeNPCSpeed.uasset" 103
"../../../../../../Jeux Unreal/Christmas_Jam/Content/AI/IsPlayerInRange.uasset" 104
"../../../../../../Jeux Unreal/Christmas_Jam/Content/AI/Mannequin/Character/Mesh/UE4_Mannequin_Skeleton.uasset" 105
"../../../../../../Jeux Unreal/Christmas_Jam/Content/AI/Anims/AI_Punch.uasset" 106
"../../../../../../Jeux Unreal/Christmas_Jam/Content/AI/Anims/AI_Punch_Montage.uasset" 107
"../../../../../../Jeux Unreal/Christmas_Jam/Content/AI/Elves/Anims/Falling_To_Landing_Anim.uasset" 108
"../../../../../../Jeux Unreal/Christmas_Jam/Content/AI/Elves/Anims/Hit_from_behind_Anim.uasset" 109
"../../../../../../Jeux Unreal/Christmas_Jam/Content/AI/Elves/PhysicsAssets/Falling_To_Landing_PhysicsAsset.uasset" 110
"../../../../../../Jeux Unreal/Christmas_Jam/Content/AI/Elves/SkeletonMesh/Falling_To_Landing.uasset" 111
"../../../../../../Jeux Unreal/Christmas_Jam/Content/AI/Elves/PhysicsAssets/Goalie_Throw_PhysicsAsset.uasset" 112
"../../../../../../Jeux Unreal/Christmas_Jam/Content/AI/Elves/SkeletonMesh/Goalie_Throw.uasset" 113
"../../../../../../Jeux Unreal/Christmas_Jam/Content/AI/Elves/PhysicsAssets/Hit_from_behind_PhysicsAsset.uasset" 114
"../../../../../../Jeux Unreal/Christmas_Jam/Content/AI/Elves/SkeletonMesh/Hit_from_behind.uasset" 115
"../../../../../../Jeux Unreal/Christmas_Jam/Content/AI/Elves/PhysicsAssets/Hit_from_front_PhysicsAsset.uasset" 116
"../../../../../../Jeux Unreal/Christmas_Jam/Content/AI/Elves/SkeletonMesh/Hit_from_front.uasset" 117
"../../../../../../Jeux Unreal/Christmas_Jam/Content/AI/Elves/PhysicsAssets/Idle_PhysicsAsset.uasset" 118
"../../../../../../Jeux Unreal/Christmas_Jam/Content/AI/Elves/SkeletonMesh/Idle.uasset" 119
"../../../../../../Jeux Unreal/Christmas_Jam/Content/AI/Elves/PhysicsAssets/Running_PhysicsAsset.uasset" 120
"../../../../../../Jeux Unreal/Christmas_Jam/Content/AI/Elves/SkeletonMesh/Running.uasset" 121
"../../../../../../Jeux Unreal/Christmas_Jam/Content/AI/Elves/Texture/C_Elf_M_Elf_OcclusionRoughnessMetallic.uasset" 122
"../../../../../../Jeux Unreal/Christmas_Jam/Content/AI/Mannequin/Animations/ThirdPersonJump_End.uasset" 123
"../../../../../../Jeux Unreal/Christmas_Jam/Content/AI/Mannequin/Animations/ThirdPerson_Jump.uasset" 124
"../../../../../../Jeux Unreal/Christmas_Jam/Content/AI/Mannequin/Animations/ThirdPersonJump_Loop.uasset" 125
"../../../../../../Jeux Unreal/Christmas_Jam/Content/AI/Mannequin/Animations/ThirdPersonJump_Start.uasset" 126
"../../../../../../Jeux Unreal/Christmas_Jam/Content/AI/Mannequin/Animations/ThirdPersonIdle.uasset" 127
"../../../../../../Jeux Unreal/Christmas_Jam/Content/AI/Mannequin/Animations/ThirdPersonRun.uasset" 128
"../../../../../../Jeux Unreal/Christmas_Jam/Content/AI/Mannequin/Animations/ThirdPersonWalk.uasset" 129
"../../../../../../Jeux Unreal/Christmas_Jam/Content/AI/Mannequin/Animations/ThirdPerson_IdleRun_2D.uasset" 130
"../../../../../../Jeux Unreal/Christmas_Jam/Content/AI/Mannequin/Animations/ThirdPerson_AnimBP.uasset" 131
"../../../../../../Jeux Unreal/Christmas_Jam/Content/AI/Mannequin/Character/Materials/MaterialLayers/T_ML_Rubber_Blue_01_D.uasset" 132
"../../../../../../Jeux Unreal/Christmas_Jam/Content/AI/Mannequin/Character/Materials/MaterialLayers/T_ML_Rubber_Blue_01_N.uasset" 133
"../../../../../../Jeux Unreal/Christmas_Jam/Content/AI/Mannequin/Character/Materials/MaterialLayers/ML_GlossyBlack_Latex_UE4.uasset" 134
"../../../../../../Jeux Unreal/Christmas_Jam/Content/AI/Mannequin/Character/Materials/MaterialLayers/ML_Plastic_Shiny_Beige.uasset" 135
"../../../../../../Jeux Unreal/Christmas_Jam/Content/AI/Mannequin/Character/Textures/UE4_LOGO_CARD.uasset" 136
"../../../../../../Jeux Unreal/Christmas_Jam/Content/AI/Mannequin/Character/Materials/MaterialLayers/ML_Plastic_Shiny_Beige_LOGO.uasset" 137
"../../../../../../Jeux Unreal/Christmas_Jam/Content/AI/Mannequin/Character/Materials/MaterialLayers/T_ML_Aluminum01.uasset" 138
"../../../../../../Jeux Unreal/Christmas_Jam/Content/AI/Mannequin/Character/Materials/MaterialLayers/T_ML_Aluminum01_N.uasset" 139
"../../../../../../Jeux Unreal/Christmas_Jam/Content/AI/Mannequin/Character/Materials/MaterialLayers/ML_SoftMetal_UE4.uasset" 140
"../../../../../../Jeux Unreal/Christmas_Jam/Content/AI/Mannequin/Character/Textures/UE4_Mannequin__normals.uasset" 141
"../../../../../../Jeux Unreal/Christmas_Jam/Content/AI/Mannequin/Character/Textures/UE4_Mannequin_MAT_MASKA.uasset" 142
"../../../../../../Jeux Unreal/Christmas_Jam/Content/AI/Mannequin/Character/Materials/M_UE4Man_Body.uasset" 143
"../../../../../../Jeux Unreal/Christmas_Jam/Content/AI/Mannequin/Character/Textures/UE4Man_Logo_N.uasset" 144
"../../../../../../Jeux Unreal/Christmas_Jam/Content/AI/Mannequin/Character/Materials/M_UE4Man_ChestLogo.uasset" 145
"../../../../../../Jeux Unreal/Christmas_Jam/Content/AI/Mannequin/Character/Mesh/SK_Mannequin_PhysicsAsset.uasset" 146
"../../../../../../Jeux Unreal/Christmas_Jam/Content/AI/Mannequin/Character/Mesh/SK_Mannequin.uasset" 147
"../../../../../../Jeux Unreal/Christmas_Jam/Content/AI/Texture/C_Elf_M_Elf_BaseColor.uasset" 148
"../../../../../../Jeux Unreal/Christmas_Jam/Content/AI/Texture/C_Elf_M_Elf_OcclusionRoughnessMetallic.uasset" 149
"../../../Engine/Content/Functions/Engine_MaterialFunctions01/Opacity/CameraDepthFade.uasset" 150
"../../../Engine/Content/EngineMaterials/T_Default_Material_Grid_M.uasset" 151
"../../../Engine/Content/EngineMaterials/T_Default_Material_Grid_N.uasset" 152
"../../../Engine/Content/EngineMaterials/WorldGridMaterial.uasset" 153
"../../../../../../Jeux Unreal/Christmas_Jam/Content/Asset/02_-_Default.uasset" 154
"../../../../../../Jeux Unreal/Christmas_Jam/Content/Asset/Probs_ancien/barriere_pierre.uasset" 155
"../../../../../../Jeux Unreal/Christmas_Jam/Content/Asset/Probs/barriere_pierre.uasset" 156
"../../../../../../Jeux Unreal/Christmas_Jam/Content/Asset/barriere_pierre.uasset" 157
"../../../../../../Jeux Unreal/Christmas_Jam/Content/Asset/sol-neige.uasset" 158
"../../../../../../Jeux Unreal/Christmas_Jam/Content/Asset/Probs_ancien/P_Buche_01.uasset" 159
"../../../../../../Jeux Unreal/Christmas_Jam/Content/Asset/Probs_ancien/P_KDOStack_01.uasset" 160
"../../../../../../Jeux Unreal/Christmas_Jam/Content/Asset/Probs_ancien/P_KDO_01.uasset" 161
"../../../../../../Jeux Unreal/Christmas_Jam/Content/FirstPerson/Audio/FirstPersonTemplateWeaponFire02.uasset" 162
"../../../../../../Jeux Unreal/Christmas_Jam/Content/FirstPerson/Character/Mesh/FirstPersonAnimBlueprint_Copy.uasset" 163
"../../../../../../Jeux Unreal/Christmas_Jam/Content/FirstPerson/FPWeapon/Materials/MaterialLayers/ML_Plastic_Shiny_Beige_LOGO.uasset" 164
"../../../../../../Jeux Unreal/Christmas_Jam/Content/FirstPerson/FPWeapon/Materials/MaterialLayers/T_ML_FineRubber.uasset" 165
"../../../../../../Jeux Unreal/Christmas_Jam/Content/FirstPerson/FPWeapon/Mesh/SK_FPGun_PhysicsAsset.uasset" 166
"../../../../../../Jeux Unreal/Christmas_Jam/Content/FirstPerson/Meshes/BaseMaterial.uasset" 167
"../../../../../../Jeux Unreal/Christmas_Jam/Content/FirstPerson/Meshes/FirstPersonProjectileMaterial.uasset" 168
"../../../../../../Jeux Unreal/Christmas_Jam/Content/FirstPerson/Meshes/FirstPersonProjectileMesh.uasset" 169
"../../../../../../Jeux Unreal/Christmas_Jam/Content/FirstPersonBP/FirstPersonOverview.uasset" 170
"../../../../../../Jeux Unreal/Christmas_Jam/Content/Geometry/Meshes/CubeMaterial.uasset" 171
"../../../../../../Jeux Unreal/Christmas_Jam/Content/Geometry/Meshes/1M_Cube_Chamfer.uasset" 172
"../../../../../../Jeux Unreal/Christmas_Jam/Content/Geometry/Meshes/TemplateFloor.uasset" 173
"../../../../../../Jeux Unreal/Christmas_Jam/Content/Sounds/character_walk.uasset" 174
"../../../../../../Jeux Unreal/Christmas_Jam/Content/Sounds/environment_bell.uasset" 175
"../../../../../../Jeux Unreal/Christmas_Jam/Content/Sounds/character_run.uasset" 176
"../../../../../../Jeux Unreal/Christmas_Jam/Content/Sounds/Walk/walk1.uasset" 177
"../../../../../../Jeux Unreal/Christmas_Jam/Content/Sounds/Walk/walk2.uasset" 178
"../../../../../../Jeux Unreal/Christmas_Jam/Content/Sounds/Walk/walk_Cue.uasset" 179
"../../../../../../Jeux Unreal/Christmas_Jam/Content/StarterContent/Materials/M_Basic_Wall.uasset" 180
"../../../../../../Jeux Unreal/Christmas_Jam/Content/StarterContent/Architecture/Pillar_50x500.uasset" 181
"../../../../../../Jeux Unreal/Christmas_Jam/Content/StarterContent/Architecture/Wall_400x300.uasset" 182
"../../../../../../Jeux Unreal/Christmas_Jam/Content/StarterContent/Architecture/Wall_400x400.uasset" 183
"../../../../../../Jeux Unreal/Christmas_Jam/Content/StarterContent/Architecture/Wall_500x500.uasset" 184
"../../../../../../Jeux Unreal/Christmas_Jam/Content/StarterContent/Architecture/Wall_Door_400x400.uasset" 185
"../../../../../../Jeux Unreal/Christmas_Jam/Content/StarterContent/Architecture/Wall_Window_400x400.uasset" 186
"../../../../../../Jeux Unreal/Christmas_Jam/Content/StarterContent/Audio/Collapse01.uasset" 187
"../../../../../../Jeux Unreal/Christmas_Jam/Content/StarterContent/Audio/Collapse02.uasset" 188
"../../../../../../Jeux Unreal/Christmas_Jam/Content/StarterContent/Audio/Explosion01.uasset" 189
"../../../../../../Jeux Unreal/Christmas_Jam/Content/StarterContent/Audio/Explosion02.uasset" 190
"../../../../../../Jeux Unreal/Christmas_Jam/Content/StarterContent/Audio/Fire01.uasset" 191
"../../../../../../Jeux Unreal/Christmas_Jam/Content/StarterContent/Audio/Fire_Sparks01.uasset" 192
"../../../../../../Jeux Unreal/Christmas_Jam/Content/StarterContent/Audio/Light01.uasset" 193
"../../../../../../Jeux Unreal/Christmas_Jam/Content/StarterContent/Audio/Light01_Cue.uasset" 194
"../../../../../../Jeux Unreal/Christmas_Jam/Content/StarterContent/Audio/Light02.uasset" 195
"../../../../../../Jeux Unreal/Christmas_Jam/Content/StarterContent/Audio/Light02_Cue.uasset" 196
"../../../../../../Jeux Unreal/Christmas_Jam/Content/StarterContent/Audio/Smoke01.uasset" 197
"../../../../../../Jeux Unreal/Christmas_Jam/Content/StarterContent/Audio/Starter_Birds01.uasset" 198
"../../../../../../Jeux Unreal/Christmas_Jam/Content/StarterContent/Audio/Starter_Music01.uasset" 199
"../../../../../../Jeux Unreal/Christmas_Jam/Content/StarterContent/Audio/Starter_Wind05.uasset" 200
"../../../../../../Jeux Unreal/Christmas_Jam/Content/StarterContent/Audio/Starter_Wind06.uasset" 201
"../../../../../../Jeux Unreal/Christmas_Jam/Content/StarterContent/Audio/Steam01.uasset" 202
"../../../../../../Jeux Unreal/Christmas_Jam/Content/StarterContent/Audio/Explosion_Cue.uasset" 203
"../../../../../../Jeux Unreal/Christmas_Jam/Content/StarterContent/Textures/T_Burst_M.uasset" 204
"../../../../../../Jeux Unreal/Christmas_Jam/Content/StarterContent/Particles/Materials/M_Burst.uasset" 205
"../../../../../../Jeux Unreal/Christmas_Jam/Content/StarterContent/Textures/T_Explosion_SubUV.uasset" 206
"../../../../../../Jeux Unreal/Christmas_Jam/Content/StarterContent/Particles/Materials/M_explosion_subUV.uasset" 207
"../../../../../../Jeux Unreal/Christmas_Jam/Content/StarterContent/Particles/Materials/m_flare_01.uasset" 208
"../../../Engine/Content/Functions/Engine_MaterialFunctions01/Gradient/RadialGradient.uasset" 209
"../../../../../../Jeux Unreal/Christmas_Jam/Content/StarterContent/Particles/Materials/M_radial_ramp.uasset" 210
"../../../../../../Jeux Unreal/Christmas_Jam/Content/StarterContent/Textures/T_Smoke_SubUV.uasset" 211
"../../../../../../Jeux Unreal/Christmas_Jam/Content/StarterContent/Textures/T_Smoke_Tiled_D.uasset" 212
"../../../../../../Jeux Unreal/Christmas_Jam/Content/StarterContent/Particles/Materials/M_smoke_subUV.uasset" 213
"../../../../../../Jeux Unreal/Christmas_Jam/Content/StarterContent/Particles/P_Explosion.uasset" 214
"../../../../../../Jeux Unreal/Christmas_Jam/Content/StarterContent/Blueprints/Blueprint_Effect_Explosion.uasset" 215
"../../../Engine/Content/EditorMeshes/ColorCalibrator/T_ColorGrid.uasset" 216
"../../../../../../Jeux Unreal/Christmas_Jam/Content/StarterContent/Materials/M_ColorGrid_LowSpec.uasset" 217
"../../../../../../Jeux Unreal/Christmas_Jam/Content/StarterContent/Textures/T_Bush_D.uasset" 218
"../../../../../../Jeux Unreal/Christmas_Jam/Content/StarterContent/Textures/T_Bush_N.uasset" 219
"../../../../../../Jeux Unreal/Christmas_Jam/Content/StarterContent/Props/Materials/M_Bush.uasset" 220
"../../../../../../Jeux Unreal/Christmas_Jam/Content/StarterContent/Props/SM_Bush.uasset" 221
"../../../../../../Jeux Unreal/Christmas_Jam/Content/StarterContent/Textures/T_Chair_M.uasset" 222
"../../../../../../Jeux Unreal/Christmas_Jam/Content/StarterContent/Textures/T_Chair_N.uasset" 223
"../../../../../../Jeux Unreal/Christmas_Jam/Content/StarterContent/Props/Materials/M_Chair.uasset" 224
"../../../../../../Jeux Unreal/Christmas_Jam/Content/StarterContent/Props/SM_Couch.uasset" 225
"../../../../../../Jeux Unreal/Christmas_Jam/Content/StarterContent/Materials/M_Glass.uasset" 226
"../../../../../../Jeux Unreal/Christmas_Jam/Content/StarterContent/Textures/T_Door_M.uasset" 227
"../../../../../../Jeux Unreal/Christmas_Jam/Content/StarterContent/Textures/T_Door_N.uasset" 228
"../../../../../../Jeux Unreal/Christmas_Jam/Content/StarterContent/Props/Materials/M_Door.uasset" 229
"../../../../../../Jeux Unreal/Christmas_Jam/Content/StarterContent/Props/SM_Door.uasset" 230
"../../../../../../Jeux Unreal/Christmas_Jam/Content/StarterContent/Props/Materials/M_MaterialSphere.uasset" 231
"../../../../../../Jeux Unreal/Christmas_Jam/Content/StarterContent/Props/Materials/M_MaterialSphere_Plain.uasset" 232
"../../../../../../Jeux Unreal/Christmas_Jam/Content/StarterContent/Props/SM_MatPreviewMesh_02.uasset" 233
"../../../../../../Jeux Unreal/Christmas_Jam/Content/StarterContent/Textures/T_Detail_Rocky_N.uasset" 234
"../../../../../../Jeux Unreal/Christmas_Jam/Content/StarterContent/Textures/T_Rock_Basalt_D.uasset" 235
"../../../../../../Jeux Unreal/Christmas_Jam/Content/StarterContent/Textures/T_RockMesh_M.uasset" 236
"../../../../../../Jeux Unreal/Christmas_Jam/Content/StarterContent/Textures/T_RockMesh_N.uasset" 237
"../../../../../../Jeux Unreal/Christmas_Jam/Content/StarterContent/Props/Materials/M_Rock.uasset" 238
"../../../../../../Jeux Unreal/Christmas_Jam/Content/StarterContent/Props/SM_Rock.uasset" 239
"../../../../../../Jeux Unreal/Christmas_Jam/Content/StarterContent/Textures/T_Shelf_M.uasset" 240
"../../../../../../Jeux Unreal/Christmas_Jam/Content/StarterContent/Textures/T_Shelf_N.uasset" 241
"../../../../../../Jeux Unreal/Christmas_Jam/Content/StarterContent/Props/Materials/M_Shelf.uasset" 242
"../../../../../../Jeux Unreal/Christmas_Jam/Content/StarterContent/Props/SM_Shelf.uasset" 243
"../../../../../../Jeux Unreal/Christmas_Jam/Content/StarterContent/Materials/M_Basic_Floor.uasset" 244
"../../../../../../Jeux Unreal/Christmas_Jam/Content/StarterContent/Props/SM_Stairs.uasset" 245
"../../../../../../Jeux Unreal/Christmas_Jam/Content/StarterContent/Shapes/Shape_Cone.uasset" 246
"../../../../../../Jeux Unreal/Christmas_Jam/Content/StarterContent/Shapes/Shape_Cylinder.uasset" 247
"../../../../../../Jeux Unreal/Christmas_Jam/Content/StarterContent/Shapes/Shape_NarrowCapsule.uasset" 248
"../../../../../../Jeux Unreal/Christmas_Jam/Content/StarterContent/Shapes/Shape_Pipe.uasset" 249
"../../../../../../Jeux Unreal/Christmas_Jam/Content/StarterContent/Shapes/Shape_Pipe_180.uasset" 250
"../../../../../../Jeux Unreal/Christmas_Jam/Content/StarterContent/Shapes/Shape_Pipe_90.uasset" 251
"../../../../../../Jeux Unreal/Christmas_Jam/Content/StarterContent/Shapes/Shape_Plane.uasset" 252
"../../../../../../Jeux Unreal/Christmas_Jam/Content/StarterContent/Shapes/Shape_Torus.uasset" 253
"../../../../../../Jeux Unreal/Christmas_Jam/Content/StarterContent/Shapes/Shape_Trim.uasset" 254
"../../../../../../Jeux Unreal/Christmas_Jam/Content/StarterContent/Shapes/Shape_Trim_90_In.uasset" 255
"../../../../../../Jeux Unreal/Christmas_Jam/Content/StarterContent/Shapes/Shape_Trim_90_Out.uasset" 256
"../../../../../../Jeux Unreal/Christmas_Jam/Content/StarterContent/Shapes/Shape_TriPyramid.uasset" 257
"../../../../../../Jeux Unreal/Christmas_Jam/Content/StarterContent/Shapes/Shape_Tube.uasset" 258
"../../../../../../Jeux Unreal/Christmas_Jam/Content/StarterContent/Shapes/Shape_Wedge_A.uasset" 259
"../../../../../../Jeux Unreal/Christmas_Jam/Content/StarterContent/Shapes/Shape_Wedge_B.uasset" 260
"../../../../../../Jeux Unreal/Christmas_Jam/Content/StarterContent/Shapes/Shape_WideCapsule.uasset" 261
"../../../../../../Jeux Unreal/Christmas_Jam/Content/UI/cadeau_bleu.uasset" 262
"../../../../../../Jeux Unreal/Christmas_Jam/Content/UI/cadeau_orange.uasset" 263
"../../../../../../Jeux Unreal/Christmas_Jam/Content/UI/cadeau_rose.uasset" 264
"../../../../../../Jeux Unreal/Christmas_Jam/Content/UI/cadeau_vert.uasset" 265
"../../../../../../Jeux Unreal/Christmas_Jam/Content/UI/Logo.uasset" 266
"../../../../../../Jeux Unreal/Christmas_Jam/Content/UI/UI_Vide.uasset" 267
"../../../Engine/Content/Animation/DefaultAnimCurveCompressionSettings.uasset" 268
"../../../Engine/Content/ArtTools/RenderToTexture/Meshes/S_1_Unit_Plane.uasset" 269
"../../../Engine/Content/EngineMaterials/DefaultMaterial.uasset" 270
"../../../Engine/Content/BasicShapes/Cone.uasset" 271
"../../../Engine/Content/BasicShapes/Cylinder.uasset" 272
"../../../Engine/Content/BasicShapes/Plane.uasset" 273
"../../../Engine/Content/BasicShapes/Sphere.uasset" 274
"../../../Engine/Content/EditorLandscapeResources/DataLayer.uasset" 275
"../../../Engine/Content/EditorMaterials/MAT_Groups_Toggle.uasset" 276
"../../../Engine/Content/EditorMaterials/MAT_Groups_Visibility.uasset" 277
"../../../Engine/Content/EditorMaterials/PreviewShadowIndicator.uasset" 278
"../../../Engine/Content/EditorMaterials/PreviewShadowIndicatorMaterial.uasset" 279
"../../../Engine/Content/EditorMaterials/MatineeGroups/MAT_ColorTrack.uasset" 280
"../../../Engine/Content/EditorMaterials/MatineeGroups/MAT_Groups_Anim.uasset" 281
"../../../Engine/Content/EditorMaterials/MatineeGroups/MAT_Groups_AudioMaster.uasset" 282
"../../../Engine/Content/EditorMaterials/MatineeGroups/MAT_Groups_Director.uasset" 283
"../../../Engine/Content/EditorMaterials/MatineeGroups/MAT_Groups_Event.uasset" 284
"../../../Engine/Content/EditorMaterials/MatineeGroups/MAT_Groups_Fade.uasset" 285
"../../../Engine/Content/EditorMaterials/MatineeGroups/MAT_Groups_Float.uasset" 286
"../../../Engine/Content/EditorMaterials/MatineeGroups/MAT_Groups_Move.uasset" 287
"../../../Engine/Content/EditorMaterials/MatineeGroups/MAT_Groups_Slomo.uasset" 288
"../../../Engine/Content/EditorMaterials/MatineeGroups/MAT_Groups_Sound.uasset" 289
"../../../Engine/Content/EditorMaterials/MatineeGroups/MAT_Groups_Vector.uasset" 290
"../../../Engine/Content/EditorMaterials/ParticleSystems/PSysThumbnail_NoImage.uasset" 291
"../../../Engine/Content/EditorMaterials/ParticleSystems/PSysThumbnail_OOD.uasset" 292
"../../../Engine/Content/EditorMaterials/Camera/CineMat.uasset" 293
"../../../Engine/Content/EditorMaterials/Camera/MI_CineMat_Rig.uasset" 294
"../../../Engine/Content/EditorMeshes/Camera/SM_CraneRig_Arm.uasset" 295
"../../../Engine/Content/EditorMeshes/Camera/SM_CraneRig_Base.uasset" 296
"../../../Engine/Content/EditorMeshes/Camera/SM_CraneRig_Body.uasset" 297
"../../../Engine/Content/EditorMeshes/Camera/SM_CraneRig_Mount.uasset" 298
"../../../Engine/Content/EditorMeshes/Camera/SM_RailRig_Mount.uasset" 299
"../../../Engine/Content/EditorMeshes/Camera/SM_RailRig_Track.uasset" 300
"../../../Engine/Content/EditorResources/BSPVertex.uasset" 301
"../../../Engine/Content/EditorResources/EmptyActor.uasset" 302
"../../../Engine/Content/EditorResources/S_Actor.uasset" 303
"../../../Engine/Content/EditorResources/S_Note.uasset" 304
"../../../Engine/Content/EditorResources/S_Solver.uasset" 305
"../../../Engine/Content/EditorResources/S_Trigger.uasset" 306
"../../../Engine/Content/EditorResources/AudioIcons/S_AudioComponent.uasset" 307
"../../../Engine/Content/EditorResources/AudioIcons/S_AudioComponent_AutoActivate.uasset" 308
"../../../Engine/Content/EditorResources/LightIcons/S_LightError.uasset" 309
"../../../Engine/Content/EditorResources/SequenceRecorder/Countdown.uasset" 310
"../../../Engine/Content/EditorResources/SequenceRecorder/RecordingIndicator.uasset" 311
"../../../Engine/Content/EditorSounds/Notifications/CompileFailed.uasset" 312
"../../../Engine/Content/EditorSounds/Notifications/CompileFailed_Cue.uasset" 313
"../../../Engine/Content/EditorSounds/Notifications/CompileSuccess.uasset" 314
"../../../Engine/Content/EditorSounds/Notifications/CompileStart_Cue.uasset" 315
"../../../Engine/Content/EditorSounds/Notifications/CompileSuccess_Cue.uasset" 316
"../../../Engine/Content/EngineDamageTypes/DmgTypeBP_Environmental.uasset" 317
"../../../Engine/Content/EngineDebugMaterials/DebugEditorMaterial.uasset" 318
"../../../Engine/Content/EngineDebugMaterials/DebugMeshMaterial.uasset" 319
"../../../Engine/Content/EngineDebugMaterials/M_SimpleUnlitTranslucent.uasset" 320
"../../../Engine/Content/Functions/Engine_MaterialFunctions02/Utility/CameraDirectionVector.uasset" 321
"../../../Engine/Content/EngineDebugMaterials/VolumeToRender.uasset" 322
"../../../Engine/Content/EngineDebugMaterials/M_VolumeRenderSphereTracePP.uasset" 323
"../../../Engine/Content/EngineDebugMaterials/WireframeMaterial.uasset" 324
"../../../Engine/Content/EngineFonts/Faces/DroidSansFallback.uasset" 325
"../../../Engine/Content/EngineFonts/Faces/RobotoBold.uasset" 326
"../../../Engine/Content/EngineFonts/Faces/RobotoBoldItalic.uasset" 327
"../../../Engine/Content/EngineFonts/Faces/RobotoItalic.uasset" 328
"../../../Engine/Content/EngineFonts/Faces/RobotoLight.uasset" 329
"../../../Engine/Content/EngineFonts/Faces/RobotoRegular.uasset" 330
"../../../Engine/Content/EngineFonts/Roboto.uasset" 331
"../../../Engine/Content/EngineMaterials/BaseFlattenDiffuseMap.uasset" 332
"../../../Engine/Content/EngineMaterials/BaseFlattenEmissiveMap.uasset" 333
"../../../Engine/Content/EngineMaterials/BaseFlattenGrayscaleMap.uasset" 334
"../../../Engine/Content/EngineMaterials/BaseFlattenNormalMap.uasset" 335
"../../../Engine/Content/EngineMaterials/BaseFlattenMaterial.uasset" 336
"../../../Engine/Content/EngineMaterials/BlueNoise.uasset" 337
"../../../Engine/Content/EngineMaterials/DefaultBloomKernel.uasset" 338
"../../../Engine/Content/EngineMaterials/DefaultBokeh.uasset" 339
"../../../Engine/Content/EngineMaterials/DefaultDiffuse.uasset" 340
"../../../Engine/Content/EngineMaterials/DefaultDeferredDecalMaterial.uasset" 341
"../../../Engine/Content/EngineMaterials/DefaultLightFunctionMaterial.uasset" 342
"../../../Engine/Content/EngineMaterials/DefaultPhysicalMaterial.uasset" 343
"../../../Engine/Content/Functions/Engine_MaterialFunctions02/Utility/BreakOutFloat2Components.uasset" 344
"../../../Engine/Content/EngineMaterials/DefaultPostProcessMaterial.uasset" 345
"../../../Engine/Content/EngineFonts/RobotoDistanceField.uasset" 346
"../../../Engine/Content/EngineMaterials/DefaultTextMaterialOpaque.uasset" 347
"../../../Engine/Content/EngineMaterials/DefaultWhiteGrid.uasset" 348
"../../../Engine/Content/EngineMaterials/DefaultWhiteGrid_Low.uasset" 349
"../../../Engine/Content/EngineMaterials/EmissiveMeshMaterial.uasset" 350
"../../../Engine/Content/EngineMaterials/GizmoMaterial.uasset" 351
"../../../Engine/Content/EngineMaterials/Good64x64TilingNoiseHighFreq.uasset" 352
"../../../Engine/Content/EngineMaterials/MiniFont.uasset" 353
"../../../Engine/Content/EngineMaterials/InvalidLightmapSettings.uasset" 354
"../../../Engine/Content/EngineMaterials/M_InvalidLightmapSettings.uasset" 355
"../../../Engine/Content/Functions/Engine_MaterialFunctions02/WorldPositionOffset/CameraOffset.uasset" 356
"../../../Engine/Content/EngineMaterials/PhAT_JointLimitMaterial.uasset" 357
"../../../Engine/Content/EngineMaterials/PreintegratedSkinBRDF.uasset" 358
"../../../Engine/Content/EngineMaterials/RemoveSurfaceMaterial.uasset" 359
"../../../Engine/Content/EngineMaterials/WeightMapPlaceholderTexture.uasset" 360
"../../../Engine/Content/EngineResources/WhiteSquareTexture.uasset" 361
"../../../Engine/Content/EngineMaterials/Widget3DPassThrough.uasset" 362
"../../../Engine/Content/EngineMaterials/Widget3DPassThrough_Masked.uasset" 363
"../../../Engine/Content/EngineMaterials/Widget3DPassThrough_Opaque.uasset" 364
"../../../Engine/Content/EngineMaterials/Widget3DPassThrough_Masked_OneSided.uasset" 365
"../../../Engine/Content/EngineMaterials/Widget3DPassThrough_Opaque_OneSided.uasset" 366
"../../../Engine/Content/EngineMaterials/Widget3DPassThrough_Translucent.uasset" 367
"../../../Engine/Content/EngineMaterials/Widget3DPassThrough_Translucent_OneSided.uasset" 368
"../../../Engine/Content/EngineMeshes/Cylinder.uasset" 369
"../../../Engine/Content/EngineMeshes/Sphere.uasset" 370
"../../../Engine/Content/EngineResources/Black.uasset" 371
"../../../Engine/Content/EngineResources/DefaultTexture.uasset" 372
"../../../Engine/Content/EngineResources/DefaultTextureCube.uasset" 373
"../../../Engine/Content/EngineResources/DefaultVolumeTexture2D.uasset" 374
"../../../Engine/Content/EngineResources/DefaultVolumeTexture.uasset" 375
"../../../Engine/Content/EngineResources/GradientTexture0.uasset" 376
"../../../Engine/Content/EngineSounds/Master.uasset" 377
"../../../Engine/Content/Functions/Engine_MaterialFunctions01/Shading/ConvertFromDiffSpec.uasset" 378
"../../../Engine/Content/Functions/Engine_MaterialFunctions01/Shading/PowerToRoughness.uasset" 379
"../../../Engine/Content/Maps/Templates/Thumbnails/Default.uasset" 380
"../../../Engine/Content/Maps/Templates/Thumbnails/TimeOfDay.uasset" 381
"../../../Engine/Content/Maps/Templates/Thumbnails/VR-Basic.uasset" 382
"../../../Engine/Content/MobileResources/T_MobileControls_texture.uasset" 383
"../../../Engine/Content/MobileResources/T_MobileMenu2.uasset" 384
"../../../Engine/Content/MobileResources/HUD/AnalogHat.uasset" 385
"../../../Engine/Content/MobileResources/HUD/VirtualJoystick_Background.uasset" 386
"../../../Engine/Content/MobileResources/HUD/VirtualJoystick_Thumb.uasset" 387
"../../../Engine/Content/MobileResources/HUD/DefaultVirtualJoysticks.uasset" 388
"../../../Engine/Content/MobileResources/HUD/LeftVirtualJoystickOnly.uasset" 389
"../../../Engine/Content/MobileResources/HUD/MobileHUDButton1_off.uasset" 390
"../../../Engine/Content/MobileResources/HUD/MobileHUDButton1_on.uasset" 391
"../../../Engine/Content/MobileResources/HUD/MobileHUDButton2_off.uasset" 392
"../../../Engine/Content/MobileResources/HUD/MobileHUDButton2_on.uasset" 393
"../../../Engine/Content/MobileResources/HUD/MobileHUDButton3.uasset" 394
"../../../Engine/Content/MobileResources/HUD/MobileHUDButtonFire.uasset" 395
"../../../Engine/Content/MobileResources/HUD/MobileHUDDirectionPad.uasset" 396
"../../../Engine/Content/MobileResources/HUD/MobileHUDDirectionPad2.uasset" 397
"../../../Engine/Content/MobileResources/HUD/MobileHUDDirectionPad3.uasset" 398
"../../../Engine/Content/MobileResources/HUD/MobileHUDDirectionStick.uasset" 399
"../../../Engine/Content/MobileResources/HUD/T_Castle_ThumbstickInner.uasset" 400
"../../../Engine/Content/MobileResources/HUD/T_Castle_ThumbstickOutter.uasset" 401
"../../../Engine/Content/Tutorial/ContentIntroCurve.uasset" 402
"../../../Engine/Content/Tutorial/Basics/LevelEditorAttract.uasset" 403
"../../../Engine/Content/Tutorial/Basics/TutorialAssets/icon_tab_Levels_40x.uasset" 404
"../../../Engine/Content/Tutorial/Basics/LevelEditorOverview.uasset" 405
"../../../Engine/Content/Tutorial/BlueprintTutorials/TutorialAssets/Blueprint_64x.uasset" 406
"../../../Engine/Content/Tutorial/BlueprintTutorials/BlueprintEditorTutorial.uasset" 407
"../../../Engine/Content/Tutorial/InWorldBlueprintEditing/IWBE_Tutorial.uasset" 408
"../../../Engine/Content/Tutorial/InWorldBlueprintEditing/IWBE_Tutorial_Part2.uasset" 409
"../../../Engine/Content/Tutorial/InWorldBlueprintEditing/IWBE_Tutorial_Part3.uasset" 410
"../../../Engine/Content/VREditor/LaserPointer/VR_LaserPower_01.uasset" 411
"../../../Engine/Content/VREditor/TransformGizmo/TransformGizmoMaterial.uasset" 412
"../../../Engine/Content/VREditor/TransformGizmo/TranslucentTransformGizmoMaterial.uasset" 413
"../../../Engine/Content/VREditor/TransformGizmo/BoundingBoxCorner.uasset" 414
"../../../Engine/Content/VREditor/TransformGizmo/BoundingBoxEdge.uasset" 415
"../../../Engine/Content/VREditor/TransformGizmo/PlaneTranslationHandle.uasset" 416
"../../../Engine/Content/VREditor/TransformGizmo/Main.uasset" 417
"../../../Engine/Content/VREditor/TransformGizmo/Xray.uasset" 418
"../../../Engine/Content/VREditor/TransformGizmo/SM_Sequencer_Key.uasset" 419
"../../../Engine/Content/VREditor/TransformGizmo/SM_Sequencer_Node.uasset" 420
"../../Plugins/2D/Paper2D/Content/PlaceholderTextures/DummySpriteTexture.uasset" 421
"../../Plugins/2D/Paper2D/Content/DummySprite.uasset" 422
"../../Plugins/2D/Paper2D/Content/DefaultPaperTerrainMaterial.uasset" 423
"../../Plugins/2D/Paper2D/Content/DefaultSpriteMaterial.uasset" 424
"../../Plugins/2D/Paper2D/Content/MaskedUnlitSpriteMaterial.uasset" 425
"../../Plugins/2D/Paper2D/Content/OpaqueUnlitSpriteMaterial.uasset" 426
"../../Plugins/FX/Niagara/Content/Enums/ENiagaraBooleanLogicOps.uasset" 427
"../../Plugins/FX/Niagara/Content/Enums/ENiagaraCoordinateSpace.uasset" 428
"../../Plugins/FX/Niagara/Content/Enums/ENiagaraExpansionMode.uasset" 429
"../../Plugins/FX/Niagara/Content/Enums/ENiagaraOrientationAxis.uasset" 430
"../../Plugins/FX/Niagara/Content/Enums/ENiagaraRandomnessMode.uasset" 431
"../../../Engine/Content/Functions/Engine_MaterialFunctions02/Utility/BreakOutFloat4Components.uasset" 432
"../../../Engine/Content/Functions/Engine_MaterialFunctions02/Utility/MakeFloat2.uasset" 433
"../../../Engine/Content/Functions/Engine_MaterialFunctions02/Utility/MakeFloat3.uasset" 434
"../../Plugins/Runtime/Oculus/OculusVR/Content/Materials/OculusMR_ChromaKey.uasset" 435
"../../Plugins/Runtime/Oculus/OculusVR/Content/Materials/OculusMR_ChromaKey_Lit.uasset" 436
"../../Plugins/Runtime/Oculus/OculusVR/Content/Materials/OculusMR_OpaqueColoredMaterial.uasset" 437
"../../Plugins/Runtime/Oculus/OculusVR/Content/Materials/OculusMR_WhiteMaterial.uasset" 438
"../../../Engine/Content/EngineSky/C_Sky_Cloud_Color.uasset" 439
"../../../Engine/Content/EngineSky/C_Sky_Horizon_Color.uasset" 440
"../../../Engine/Content/EngineSky/C_Sky_Zenith_Color.uasset" 441
"../../../Engine/Content/EngineSky/T_Sky_Blue.uasset" 442
"../../../Engine/Content/EngineSky/T_Sky_Clouds_M.uasset" 443
"../../../Engine/Content/EngineSky/T_Sky_Stars.uasset" 444
"../../../Engine/Content/EngineSky/M_Sky_Panning_Clouds2.uasset" 445
"../../../Engine/Content/EngineSky/SM_SkySphere.uasset" 446
"../../../Engine/Content/EngineSky/BP_Sky_Sphere.uasset" 447
"../../../Engine/Content/BasicShapes/Cube.uasset" 448
"../../../../../../Jeux Unreal/Christmas_Jam/Content/Cube_Blueprint.uasset" 449
"../../../../../../Jeux Unreal/Christmas_Jam/Content/FirstPerson/Textures/FirstPersonCrosshair.uasset" 450
"../../../../../../Jeux Unreal/Christmas_Jam/Content/FirstPersonBP/Blueprints/FirstPersonHUD.uasset" 451
"../../../../../../Jeux Unreal/Christmas_Jam/Content/FirstPersonBP/Blueprints/FirstPersonGameMode.uasset" 452
"../../../../../../Jeux Unreal/Christmas_Jam/Content/FirstPersonBP/Maps/FirstPersonExampleMap_BuiltData.uasset" 453
"../../../Engine/Content/Functions/Engine_MaterialFunctions03/Procedurals/ComputeFilterWidth.uasset" 454
"../../../Engine/Content/EngineMaterials/AntiAliasedTextMaterialTranslucent.uasset" 455
"../../../../../../Jeux Unreal/Christmas_Jam/Content/FirstPerson/Meshes/CubeMaterialOverride.uasset" 456
"../../../../../../Jeux Unreal/Christmas_Jam/Content/Geometry/Meshes/1M_Cube.uasset" 457
"../../../../../../Jeux Unreal/Christmas_Jam/Content/FirstPersonBP/Maps/FirstPersonExampleMap.umap" 458
"../../../../../../Jeux Unreal/Christmas_Jam/Content/UltraDynamicSky/Materials/Moon_Intensity.uasset" 459
"../../../../../../Jeux Unreal/Christmas_Jam/Content/UltraDynamicSky/Materials/Moon_Position.uasset" 460
"../../../../../../Jeux Unreal/Christmas_Jam/Content/UltraDynamicSky/Materials/Night_Filter.uasset" 461
"../../../../../../Jeux Unreal/Christmas_Jam/Content/UltraDynamicSky/Materials/Shine_Intensity.uasset" 462
"../../../../../../Jeux Unreal/Christmas_Jam/Content/UltraDynamicSky/Materials/Stars_Intensity.uasset" 463
"../../../../../../Jeux Unreal/Christmas_Jam/Content/UltraDynamicSky/Materials/Sun_Highlight_Radius.uasset" 464
"../../../../../../Jeux Unreal/Christmas_Jam/Content/UltraDynamicSky/Materials/Color_Curves/01/Cloud_Dark_Color_01.uasset" 465
"../../../../../../Jeux Unreal/Christmas_Jam/Content/UltraDynamicSky/Materials/Color_Curves/01/Cloud_Light_Color_01.uasset" 466
"../../../../../../Jeux Unreal/Christmas_Jam/Content/UltraDynamicSky/Materials/Color_Curves/01/Horizon_Base_Color_01.uasset" 467
"../../../../../../Jeux Unreal/Christmas_Jam/Content/UltraDynamicSky/Materials/Color_Curves/01/Horizon_Base_Color_SA.uasset" 468
"../../../../../../Jeux Unreal/Christmas_Jam/Content/UltraDynamicSky/Materials/Color_Curves/01/Sun_Color_01.uasset" 469
"../../../../../../Jeux Unreal/Christmas_Jam/Content/UltraDynamicSky/Materials/Color_Curves/01/Zenith_Base_Color_01.uasset" 470
"../../../../../../Jeux Unreal/Christmas_Jam/Content/UltraDynamicSky/Materials/Color_Curves/02/Cloud_Dark_Color_2.uasset" 471
"../../../../../../Jeux Unreal/Christmas_Jam/Content/UltraDynamicSky/Materials/Color_Curves/02/Cloud_Light_Color_2.uasset" 472
"../../../../../../Jeux Unreal/Christmas_Jam/Content/UltraDynamicSky/Materials/Color_Curves/02/Horizon_Base_Color_2.uasset" 473
"../../../../../../Jeux Unreal/Christmas_Jam/Content/UltraDynamicSky/Materials/Color_Curves/02/Sun_Color_2.uasset" 474
"../../../../../../Jeux Unreal/Christmas_Jam/Content/UltraDynamicSky/Materials/Color_Curves/02/Zenith_Base_Color_2.uasset" 475
"../../../../../../Jeux Unreal/Christmas_Jam/Content/UltraDynamicSky/Materials/Color_Curves/03/Cloud_Dark_Color_3.uasset" 476
"../../../../../../Jeux Unreal/Christmas_Jam/Content/UltraDynamicSky/Materials/Color_Curves/03/Cloud_Light_Color_3.uasset" 477
"../../../../../../Jeux Unreal/Christmas_Jam/Content/UltraDynamicSky/Materials/Color_Curves/03/Horizon_Base_Color_3.uasset" 478
"../../../../../../Jeux Unreal/Christmas_Jam/Content/UltraDynamicSky/Materials/Color_Curves/03/Sun_Color_3.uasset" 479
"../../../../../../Jeux Unreal/Christmas_Jam/Content/UltraDynamicSky/Materials/Color_Curves/03/Zenith_Base_Color_3.uasset" 480
"../../../../../../Jeux Unreal/Christmas_Jam/Content/UltraDynamicSky/Materials/Color_Curves/04/Cloud_Dark_Color_4.uasset" 481
"../../../../../../Jeux Unreal/Christmas_Jam/Content/UltraDynamicSky/Materials/Color_Curves/04/Cloud_Light_Color_4.uasset" 482
"../../../../../../Jeux Unreal/Christmas_Jam/Content/UltraDynamicSky/Materials/Color_Curves/04/Horizon_Base_Color_4.uasset" 483
"../../../../../../Jeux Unreal/Christmas_Jam/Content/UltraDynamicSky/Materials/Color_Curves/04/Sun_Color_4.uasset" 484
"../../../../../../Jeux Unreal/Christmas_Jam/Content/UltraDynamicSky/Materials/Color_Curves/04/Zenith_Base_Color_4.uasset" 485
"../../../../../../Jeux Unreal/Christmas_Jam/Content/UltraDynamicSky/Materials/Sun_Cloudy_Color.uasset" 486
"../../../Engine/Content/Functions/Engine_MaterialFunctions01/Density/ExponentialDensity.uasset" 487
"../../../Engine/Content/Functions/Engine_MaterialFunctions01/Gradient/RadialGradientExponential.uasset" 488
"../../../Engine/Content/Functions/Engine_MaterialFunctions02/Math/TimeWithSpeedVariable.uasset" 489
"../../../Engine/Content/Functions/Engine_MaterialFunctions02/Texturing/CustomRotator.uasset" 490
"../../../../../../Jeux Unreal/Christmas_Jam/Content/UltraDynamicSky/Materials/Filter_Clouds.uasset" 491
"../../../../../../Jeux Unreal/Christmas_Jam/Content/UltraDynamicSky/Textures/clouds_classic.uasset" 492
"../../../../../../Jeux Unreal/Christmas_Jam/Content/UltraDynamicSky/Materials/Cloud_Shadows.uasset" 493
"../../../Engine/Content/Functions/Engine_MaterialFunctions02/SafeNormalize.uasset" 494
"../../../Engine/Content/Functions/Engine_MaterialFunctions02/Math/CreateThirdOrthogonalVector.uasset" 495
"../../../Engine/Content/Functions/Engine_MaterialFunctions01/Coordinates/VirtualPlaneCoordinates.uasset" 496
"../../../Engine/Content/Functions/Engine_MaterialFunctions01/Texturing/ScaleUVsByCenter.uasset" 497
"../../../Engine/Content/Functions/Engine_MaterialFunctions01/Vectors/RotateVector.uasset" 498
"../../../Engine/Content/Functions/Engine_MaterialFunctions03/Texturing/SubUV_Function.uasset" 499
"../../../../../../Jeux Unreal/Christmas_Jam/Content/UltraDynamicSky/Textures/aurora_gradient.uasset" 500
"../../../../../../Jeux Unreal/Christmas_Jam/Content/UltraDynamicSky/Textures/blur_clouds.uasset" 501
"../../../../../../Jeux Unreal/Christmas_Jam/Content/UltraDynamicSky/Textures/radio.uasset" 502
"../../../../../../Jeux Unreal/Christmas_Jam/Content/UltraDynamicSky/Materials/Aurora.uasset" 503
"../../../../../../Jeux Unreal/Christmas_Jam/Content/UltraDynamicSky/Materials/Cloud_Layer.uasset" 504
"../../../../../../Jeux Unreal/Christmas_Jam/Content/UltraDynamicSky/Textures/wisps+stars+moonsprites.uasset" 505
"../../../../../../Jeux Unreal/Christmas_Jam/Content/UltraDynamicSky/Materials/Moon.uasset" 506
"../../../../../../Jeux Unreal/Christmas_Jam/Content/UltraDynamicSky/Materials/Scale_Radial_Gradient_Around_White.uasset" 507
"../../../../../../Jeux Unreal/Christmas_Jam/Content/UltraDynamicSky/Materials/Ultra_Dynamic_Sky_Mat.uasset" 508
"../../../../../../Jeux Unreal/Christmas_Jam/Content/UltraDynamicSky/Materials/Ultra_Dynamic_Sky_Mat_no_auroras.uasset" 509
"../../../../../../Jeux Unreal/Christmas_Jam/Content/UltraDynamicSky/Materials/Ultra_Dynamic_Sky_Mat_no_auroras_onecloudlayer.uasset" 510
"../../../../../../Jeux Unreal/Christmas_Jam/Content/UltraDynamicSky/Materials/Ultra_Dynamic_Sky_Mat_onecloudlayer.uasset" 511
"../../../../../../Jeux Unreal/Christmas_Jam/Content/UltraDynamicSky/Materials/Ultra_Dynamic_Sky_Mat_SA.uasset" 512
"../../../../../../Jeux Unreal/Christmas_Jam/Content/UltraDynamicSky/Materials/Ultra_Dynamic_Sky_Mat_SA_NA.uasset" 513
"../../../../../../Jeux Unreal/Christmas_Jam/Content/UltraDynamicSky/Materials/Ultra_Dynamic_Sky_Mat_SA_NA_OCL.uasset" 514
"../../../../../../Jeux Unreal/Christmas_Jam/Content/UltraDynamicSky/Materials/Ultra_Dynamic_Sky_Mat_SA_OCL.uasset" 515
"../../../../../../Jeux Unreal/Christmas_Jam/Content/UltraDynamicSky/Blueprints/Enum/UDS_FeatureToggle.uasset" 516
"../../../../../../Jeux Unreal/Christmas_Jam/Content/UltraDynamicSky/Meshes/Ultra_Dynamic_Sky_Sphere.uasset" 517
"../../../../../../Jeux Unreal/Christmas_Jam/Content/UltraDynamicSky/Textures/clouds_voronoi.uasset" 518
"../../../../../../Jeux Unreal/Christmas_Jam/Content/UltraDynamicSky/Textures/flat.uasset" 519
"../../../../../../Jeux Unreal/Christmas_Jam/Content/UltraDynamicSky/Blueprints/Ultra_Dynamic_Sky_BP.uasset" 520
"../../../../../../Jeux Unreal/Christmas_Jam/Content/Asset/textures/buche/P_Buche_01_M_Buche_BaseColor.uasset" 521
"../../../../../../Jeux Unreal/Christmas_Jam/Content/Asset/textures/buche/P_Buche_01_M_Buche_Normal.uasset" 522
"../../../../../../Jeux Unreal/Christmas_Jam/Content/Asset/textures/buche/P_Buche_01_M_Buche_OcclusionRoughnessMetallic.uasset" 523
"../../../../../../Jeux Unreal/Christmas_Jam/Content/Asset/textures/buche/Buche_M.uasset" 524
"../../../../../../Jeux Unreal/Christmas_Jam/Content/Asset/textures/Estrade/Bot/P_Estrade_01_M_EstradeBot_BaseColor.uasset" 525
"../../../../../../Jeux Unreal/Christmas_Jam/Content/Asset/textures/Estrade/Bot/P_Estrade_01_M_EstradeBot_Normal.uasset" 526
"../../../../../../Jeux Unreal/Christmas_Jam/Content/Asset/textures/Estrade/Bot/P_Estrade_01_M_EstradeBot_OcclusionRoughnessMetallic.uasset" 527
"../../../../../../Jeux Unreal/Christmas_Jam/Content/Asset/textures/Estrade/Bot/Estrade_bot_T.uasset" 528
"../../../../../../Jeux Unreal/Christmas_Jam/Content/Asset/textures/Estrade/Top/P_Estrade_01_M_EstradeTop_BaseColor.uasset" 529
"../../../../../../Jeux Unreal/Christmas_Jam/Content/Asset/textures/Estrade/Top/P_Estrade_01_M_EstradeTop_Normal.uasset" 530
"../../../../../../Jeux Unreal/Christmas_Jam/Content/Asset/textures/Estrade/Top/P_Estrade_01_M_EstradeTop_OcclusionRoughnessMetallic.uasset" 531
"../../../../../../Jeux Unreal/Christmas_Jam/Content/Asset/textures/Estrade/Top/Estrade_Top_T.uasset" 532
"../../../../../../Jeux Unreal/Christmas_Jam/Content/Asset/textures/FenceRock/P_RockFence_01_M_FenceRock_BaseColor.uasset" 533
"../../../../../../Jeux Unreal/Christmas_Jam/Content/Asset/textures/FenceRock/P_RockFence_01_M_FenceRock_Normal.uasset" 534
"../../../../../../Jeux Unreal/Christmas_Jam/Content/Asset/textures/FenceRock/P_RockFence_01_M_FenceRock_OcclusionRoughnessMetallic.uasset" 535
"../../../../../../Jeux Unreal/Christmas_Jam/Content/Asset/textures/FenceRock/Rock_M.uasset" 536
"../../../../../../Jeux Unreal/Christmas_Jam/Content/Asset/textures/KDO/P_KDO_01_M_KDO_BaseColor.uasset" 537
"../../../../../../Jeux Unreal/Christmas_Jam/Content/Asset/textures/KDO/P_KDO_01_M_KDO_Normal.uasset" 538
"../../../../../../Jeux Unreal/Christmas_Jam/Content/Asset/textures/KDO/P_KDO_01_M_KDO_OcclusionRoughnessMetallic.uasset" 539
"../../../../../../Jeux Unreal/Christmas_Jam/Content/Asset/textures/KDO/KDO_M.uasset" 540
"../../../../../../Jeux Unreal/Christmas_Jam/Content/Asset/textures/KDOStack/P_KDOStack_01_M_KDOStack_BaseColor.uasset" 541
"../../../../../../Jeux Unreal/Christmas_Jam/Content/Asset/textures/KDOStack/P_KDOStack_01_M_KDOStack_Normal.uasset" 542
"../../../../../../Jeux Unreal/Christmas_Jam/Content/Asset/textures/KDOStack/P_KDOStack_01_M_KDOStack_OcclusionRoughnessMetallic.uasset" 543
"../../../../../../Jeux Unreal/Christmas_Jam/Content/Asset/textures/KDOStack/KDOStack_M.uasset" 544
"../../../../../../Jeux Unreal/Christmas_Jam/Content/Asset/textures/Lampadaire/lampadaire_M_lampadaire_BaseColor.uasset" 545
"../../../../../../Jeux Unreal/Christmas_Jam/Content/Asset/textures/Lampadaire/lampadaire_M_lampadaire_Normal.uasset" 546
"../../../../../../Jeux Unreal/Christmas_Jam/Content/Asset/textures/Lampadaire/lampadaire_M_lampadaire_OcclusionRoughnessMetallic.uasset" 547
"../../../../../../Jeux Unreal/Christmas_Jam/Content/Asset/textures/Lampadaire/Lampadaire_T.uasset" 548
"../../../../../../Jeux Unreal/Christmas_Jam/Content/Asset/lampadaire.uasset" 549
"../../../../../../Jeux Unreal/Christmas_Jam/Content/Asset/P_Buche_01.uasset" 550
"../../../../../../Jeux Unreal/Christmas_Jam/Content/Asset/P_Estrade_01.uasset" 551
"../../../../../../Jeux Unreal/Christmas_Jam/Content/Asset/P_KDO_01.uasset" 552
"../../../../../../Jeux Unreal/Christmas_Jam/Content/Asset/P_KDOStack_01.uasset" 553
"../../../../../../Jeux Unreal/Christmas_Jam/Content/Asset/P_RockFence_01.uasset" 554
"../../../../../../Jeux Unreal/Christmas_Jam/Content/Asset/textures/Sapins/sapins_text_M_Sapin_BaseColor.uasset" 555
"../../../../../../Jeux Unreal/Christmas_Jam/Content/Asset/textures/Sapins/sapins_text_M_Sapin_Normal.uasset" 556
"../../../../../../Jeux Unreal/Christmas_Jam/Content/Asset/textures/Sapins/sapins_text_M_Sapin_OcclusionRoughnessMetallic.uasset" 557
"../../../../../../Jeux Unreal/Christmas_Jam/Content/Asset/textures/Sapins/Sapins_T.uasset" 558
"../../../../../../Jeux Unreal/Christmas_Jam/Content/Asset/P_Sapin_01.uasset" 559
"../../../../../../Jeux Unreal/Christmas_Jam/Content/Asset/P_Sapin_02.uasset" 560
"../../../../../../Jeux Unreal/Christmas_Jam/Content/Asset/textures/Snowman/P_SnowMan_01_M_SnowMan_BaseColor.uasset" 561
"../../../../../../Jeux Unreal/Christmas_Jam/Content/Asset/textures/Snowman/P_SnowMan_01_M_SnowMan_Normal.uasset" 562
"../../../../../../Jeux Unreal/Christmas_Jam/Content/Asset/textures/Snowman/P_SnowMan_01_M_SnowMan_OcclusionRoughnessMetallic.uasset" 563
"../../../../../../Jeux Unreal/Christmas_Jam/Content/Asset/textures/Snowman/Snowman_T.uasset" 564
"../../../../../../Jeux Unreal/Christmas_Jam/Content/Asset/P_SnowMan_01__1_.uasset" 565
"../../../../../../Jeux Unreal/Christmas_Jam/Content/FirstPersonBP/Widgets/MainMenu.uasset" 566
"../../../../../../Jeux Unreal/Christmas_Jam/Content/FX/Lucioles/M_Fireflies.uasset" 567
"../../../../../../Jeux Unreal/Christmas_Jam/Content/FX/Lucioles/P_Fireflies.uasset" 568
"../../../../../../Jeux Unreal/Christmas_Jam/Content/FX/Neige/T_Masks_01.uasset" 569
"../../../../../../Jeux Unreal/Christmas_Jam/Content/FX/Neige/T_Masks_02.uasset" 570
"../../../../../../Jeux Unreal/Christmas_Jam/Content/FX/Neige/M_Snow_Particles.uasset" 571
"../../../../../../Jeux Unreal/Christmas_Jam/Content/FX/Neige/P_Snow.uasset" 572
"../../../../../../Jeux Unreal/Christmas_Jam/Content/Sounds/Music/Jingle_bell.uasset" 573
"../../../../../../Jeux Unreal/Christmas_Jam/Content/FirstPersonBP/Maps/MainMenuV2.umap" 574
"../../../../../../Jeux Unreal/Christmas_Jam/Content/FirstPersonBP/Maps/Main_Menu.umap" 575
"../../../../../../Jeux Unreal/Christmas_Jam/Content/FirstPersonBP/Maps/Map_test_Alex_BuiltData.uasset" 576
"../../../../../../Jeux Unreal/Christmas_Jam/Content/FirstPersonBP/Maps/Map_test_Alex.umap" 577
"../../../../../../Jeux Unreal/Christmas_Jam/Content/FirstPersonBP/Maps/Test_Antoine.umap" 578
"../../../../../../Jeux Unreal/Christmas_Jam/Content/AI/SpawnTransform.uasset" 579
"../../../../../../Jeux Unreal/Christmas_Jam/Content/FirstPersonBP/Maps/Test_Theo_BuiltData.uasset" 580
"../../../../../../Jeux Unreal/Christmas_Jam/Content/EndScreen.uasset" 581
"../../../../../../Jeux Unreal/Christmas_Jam/Content/UI/UI-Score_Pere_Noel.uasset" 582
"../../../../../../Jeux Unreal/Christmas_Jam/Content/UI/UI-temps.uasset" 583
"../../../../../../Jeux Unreal/Christmas_Jam/Content/UI/UI_Score_Lutin.uasset" 584
"../../../../../../Jeux Unreal/Christmas_Jam/Content/FirstPersonBP/Widgets/WG_Score.uasset" 585
"../../../../../../Jeux Unreal/Christmas_Jam/Content/Sounds/end_loose.uasset" 586
"../../../../../../Jeux Unreal/Christmas_Jam/Content/Sounds/end_win.uasset" 587
"../../../../../../Jeux Unreal/Christmas_Jam/Content/Sounds/In_Game_Music_Official.uasset" 588
"../../../../../../Jeux Unreal/Christmas_Jam/Content/Sounds/timer_ticking.uasset" 589
"../../../../../../Jeux Unreal/Christmas_Jam/Content/FirstPersonBP/Maps/Test_Theo.umap" 590
"../../../../../../Jeux Unreal/Christmas_Jam/Content/StarterContent/Blueprints/Assets/FogBrightnessLUT.uasset" 591
"../../../../../../Jeux Unreal/Christmas_Jam/Content/StarterContent/Blueprints/Assets/SunlightColorLUT.uasset" 592
"../../../../../../Jeux Unreal/Christmas_Jam/Content/StarterContent/Blueprints/Assets/M_LightStage_Arrows.uasset" 593
"../../../Engine/Content/MapTemplates/Sky/DaylightAmbientCubemap.uasset" 594
"../../../../../../Jeux Unreal/Christmas_Jam/Content/StarterContent/Blueprints/Assets/M_LightStage_Skybox_Master.uasset" 595
"../../../../../../Jeux Unreal/Christmas_Jam/Content/StarterContent/Blueprints/Assets/M_LightStage_Skybox_Black.uasset" 596
"../../../../../../Jeux Unreal/Christmas_Jam/Content/StarterContent/Blueprints/Assets/M_LightStage_Skybox_HDRI.uasset" 597
"../../../Engine/Content/EditorMaterials/Thumbnails/SkySphereMaterial.uasset" 598
"../../../../../../Jeux Unreal/Christmas_Jam/Content/StarterContent/Blueprints/Assets/Skybox.uasset" 599
"../../../../../../Jeux Unreal/Christmas_Jam/Content/StarterContent/Blueprints/Assets/SM_Arrows.uasset" 600
"../../../../../../Jeux Unreal/Christmas_Jam/Content/StarterContent/HDRI/HDRI_Epic_Courtyard_Daylight.uasset" 601
"../../../../../../Jeux Unreal/Christmas_Jam/Content/StarterContent/Blueprints/BP_LightStudio.uasset" 602
"../../../../../../Jeux Unreal/Christmas_Jam/Content/StarterContent/Maps/Advanced_Lighting_BuiltData.uasset" 603
"../../../../../../Jeux Unreal/Christmas_Jam/Content/StarterContent/Materials/M_AssetPlatform.uasset" 604
"../../../Engine/Content/EditorMeshes/ColorCalibrator/M_ChromeBall.uasset" 605
"../../../Engine/Content/EditorMeshes/ColorCalibrator/M_ClearCoat.uasset" 606
"../../../Engine/Content/EditorMeshes/ColorCalibrator/M_ClearCoatBlack.uasset" 607
"../../../Engine/Content/EditorMeshes/ColorCalibrator/Color_checker.uasset" 608
"../../../Engine/Content/EditorMeshes/ColorCalibrator/M_ColorGrid.uasset" 609
"../../../Engine/Content/EditorMeshes/ColorCalibrator/M_GreyBall.uasset" 610
"../../../Engine/Content/EditorMeshes/ColorCalibrator/SM_ColorCalibrator.uasset" 611
"../../../../../../Jeux Unreal/Christmas_Jam/Content/StarterContent/Architecture/SM_AssetPlatform.uasset" 612
"../../../../../../Jeux Unreal/Christmas_Jam/Content/StarterContent/Maps/Advanced_Lighting.umap" 613
"../../../../../../Jeux Unreal/Christmas_Jam/Content/StarterContent/Maps/Minimal_Default_BuiltData.uasset" 614
"../../../../../../Jeux Unreal/Christmas_Jam/Content/StarterContent/Textures/T_MacroVariation.uasset" 615
"../../../../../../Jeux Unreal/Christmas_Jam/Content/StarterContent/Materials/M_Metal_Brushed_Nickel.uasset" 616
"../../../../../../Jeux Unreal/Christmas_Jam/Content/StarterContent/Textures/T_Metal_Aluminum_D.uasset" 617
"../../../../../../Jeux Unreal/Christmas_Jam/Content/StarterContent/Textures/T_Metal_Gold_N.uasset" 618
"../../../../../../Jeux Unreal/Christmas_Jam/Content/StarterContent/Materials/M_Metal_Burnished_Steel.uasset" 619
"../../../../../../Jeux Unreal/Christmas_Jam/Content/StarterContent/Textures/T_Metal_Copper_D.uasset" 620
"../../../../../../Jeux Unreal/Christmas_Jam/Content/StarterContent/Materials/M_Metal_Copper.uasset" 621
"../../../../../../Jeux Unreal/Christmas_Jam/Content/StarterContent/Textures/T_Statue_M.uasset" 622
"../../../../../../Jeux Unreal/Christmas_Jam/Content/StarterContent/Textures/T_Statue_N.uasset" 623
"../../../../../../Jeux Unreal/Christmas_Jam/Content/StarterContent/Props/Materials/M_StatueGlass.uasset" 624
"../../../../../../Jeux Unreal/Christmas_Jam/Content/StarterContent/Architecture/Floor_400x400.uasset" 625
"../../../../../../Jeux Unreal/Christmas_Jam/Content/StarterContent/Audio/Starter_Background_Cue.uasset" 626
"../../../../../../Jeux Unreal/Christmas_Jam/Content/StarterContent/Props/SM_Chair.uasset" 627
"../../../../../../Jeux Unreal/Christmas_Jam/Content/StarterContent/Props/Materials/M_Statue.uasset" 628
"../../../../../../Jeux Unreal/Christmas_Jam/Content/StarterContent/Props/SM_Statue.uasset" 629
"../../../../../../Jeux Unreal/Christmas_Jam/Content/StarterContent/Textures/T_TableRound_M.uasset" 630
"../../../../../../Jeux Unreal/Christmas_Jam/Content/StarterContent/Textures/T_TableRound_N.uasset" 631
"../../../../../../Jeux Unreal/Christmas_Jam/Content/StarterContent/Props/Materials/M_TableRound.uasset" 632
"../../../../../../Jeux Unreal/Christmas_Jam/Content/StarterContent/Props/SM_TableRound.uasset" 633
"../../../../../../Jeux Unreal/Christmas_Jam/Content/StarterContent/Maps/Minimal_Default.umap" 634
"../../../../../../Jeux Unreal/Christmas_Jam/Content/StarterContent/Audio/Fire01_Cue.uasset" 635
"../../../../../../Jeux Unreal/Christmas_Jam/Content/StarterContent/Textures/T_Fire_SubUV.uasset" 636
"../../../../../../Jeux Unreal/Christmas_Jam/Content/StarterContent/Textures/T_Fire_Tiled_D.uasset" 637
"../../../../../../Jeux Unreal/Christmas_Jam/Content/StarterContent/Particles/Materials/M_Fire_SubUV.uasset" 638
"../../../../../../Jeux Unreal/Christmas_Jam/Content/StarterContent/Textures/T_Water_N.uasset" 639
"../../../../../../Jeux Unreal/Christmas_Jam/Content/StarterContent/Particles/Materials/M_Heat_Distortion.uasset" 640
"../../../../../../Jeux Unreal/Christmas_Jam/Content/StarterContent/Particles/Materials/M_Radial_Gradient.uasset" 641
"../../../../../../Jeux Unreal/Christmas_Jam/Content/StarterContent/Particles/P_Fire.uasset" 642
"../../../../../../Jeux Unreal/Christmas_Jam/Content/StarterContent/Blueprints/Blueprint_Effect_Fire.uasset" 643
"../../../../../../Jeux Unreal/Christmas_Jam/Content/StarterContent/Audio/Smoke01_Cue.uasset" 644
"../../../../../../Jeux Unreal/Christmas_Jam/Content/StarterContent/Particles/P_Smoke.uasset" 645
"../../../../../../Jeux Unreal/Christmas_Jam/Content/StarterContent/Blueprints/Blueprint_Effect_Smoke.uasset" 646
"../../../../../../Jeux Unreal/Christmas_Jam/Content/StarterContent/Audio/Fire_Sparks01_Cue.uasset" 647
"../../../../../../Jeux Unreal/Christmas_Jam/Content/StarterContent/Textures/T_Spark_Core.uasset" 648
"../../../../../../Jeux Unreal/Christmas_Jam/Content/StarterContent/Particles/Materials/M_Spark.uasset" 649
"../../../../../../Jeux Unreal/Christmas_Jam/Content/StarterContent/Particles/P_Sparks.uasset" 650
"../../../../../../Jeux Unreal/Christmas_Jam/Content/StarterContent/Blueprints/Blueprint_Effect_Sparks.uasset" 651
"../../../../../../Jeux Unreal/Christmas_Jam/Content/StarterContent/Audio/Steam01_Cue.uasset" 652
"../../../../../../Jeux Unreal/Christmas_Jam/Content/StarterContent/Particles/P_Steam_Lit.uasset" 653
"../../../../../../Jeux Unreal/Christmas_Jam/Content/StarterContent/Blueprints/Blueprint_Effect_Steam.uasset" 654
"../../../../../../Jeux Unreal/Christmas_Jam/Content/StarterContent/Textures/T_Lamp_M.uasset" 655
"../../../../../../Jeux Unreal/Christmas_Jam/Content/StarterContent/Textures/T_Lamp_N.uasset" 656
"../../../../../../Jeux Unreal/Christmas_Jam/Content/StarterContent/Props/Materials/M_Lamp.uasset" 657
"../../../../../../Jeux Unreal/Christmas_Jam/Content/StarterContent/Props/SM_Lamp_Ceiling.uasset" 658
"../../../../../../Jeux Unreal/Christmas_Jam/Content/StarterContent/Blueprints/Blueprint_CeilingLight.uasset" 659
"../../../../../../Jeux Unreal/Christmas_Jam/Content/StarterContent/Props/SM_Lamp_Wall.uasset" 660
"../../../../../../Jeux Unreal/Christmas_Jam/Content/StarterContent/Blueprints/Blueprint_WallSconce.uasset" 661
"../../../../../../Jeux Unreal/Christmas_Jam/Content/StarterContent/Maps/StarterMap_BuiltData.uasset" 662
"../../../../../../Jeux Unreal/Christmas_Jam/Content/StarterContent/Textures/T_Brick_Clay_Beveled_D.uasset" 663
"../../../../../../Jeux Unreal/Christmas_Jam/Content/StarterContent/Textures/T_Brick_Clay_Beveled_M.uasset" 664
"../../../../../../Jeux Unreal/Christmas_Jam/Content/StarterContent/Textures/T_Brick_Clay_Beveled_N.uasset" 665
"../../../../../../Jeux Unreal/Christmas_Jam/Content/StarterContent/Materials/M_Brick_Clay_Beveled.uasset" 666
"../../../../../../Jeux Unreal/Christmas_Jam/Content/StarterContent/Textures/T_Brick_Clay_New_D.uasset" 667
"../../../../../../Jeux Unreal/Christmas_Jam/Content/StarterContent/Textures/T_Brick_Clay_New_M.uasset" 668
"../../../../../../Jeux Unreal/Christmas_Jam/Content/StarterContent/Textures/T_Brick_Clay_New_N.uasset" 669
"../../../../../../Jeux Unreal/Christmas_Jam/Content/StarterContent/Materials/M_Brick_Clay_New.uasset" 670
"../../../../../../Jeux Unreal/Christmas_Jam/Content/StarterContent/Textures/T_Brick_Clay_Old_D.uasset" 671
"../../../../../../Jeux Unreal/Christmas_Jam/Content/StarterContent/Textures/T_Brick_Clay_Old_N.uasset" 672
"../../../../../../Jeux Unreal/Christmas_Jam/Content/StarterContent/Textures/T_Perlin_Noise_M.uasset" 673
"../../../../../../Jeux Unreal/Christmas_Jam/Content/StarterContent/Materials/M_Brick_Clay_Old.uasset" 674
"../../../../../../Jeux Unreal/Christmas_Jam/Content/StarterContent/Textures/T_Brick_Cut_Stone_D.uasset" 675
"../../../../../../Jeux Unreal/Christmas_Jam/Content/StarterContent/Textures/T_Brick_Cut_Stone_N.uasset" 676
"../../../../../../Jeux Unreal/Christmas_Jam/Content/StarterContent/Materials/M_Brick_Cut_Stone.uasset" 677
"../../../../../../Jeux Unreal/Christmas_Jam/Content/StarterContent/Textures/T_Brick_Hewn_Stone_D.uasset" 678
"../../../../../../Jeux Unreal/Christmas_Jam/Content/StarterContent/Textures/T_Brick_Hewn_Stone_M.uasset" 679
"../../../../../../Jeux Unreal/Christmas_Jam/Content/StarterContent/Textures/T_Brick_Hewn_Stone_N.uasset" 680
"../../../../../../Jeux Unreal/Christmas_Jam/Content/StarterContent/Materials/M_Brick_Hewn_Stone.uasset" 681
"../../../../../../Jeux Unreal/Christmas_Jam/Content/StarterContent/Textures/T_Ceramic_Tile_M.uasset" 682
"../../../../../../Jeux Unreal/Christmas_Jam/Content/StarterContent/Textures/T_Ceramic_Tile_N.uasset" 683
"../../../../../../Jeux Unreal/Christmas_Jam/Content/StarterContent/Textures/T_Rock_Marble_Polished_D.uasset" 684
"../../../../../../Jeux Unreal/Christmas_Jam/Content/StarterContent/Materials/M_Ceramic_Tile_Checker.uasset" 685
"../../../../../../Jeux Unreal/Christmas_Jam/Content/StarterContent/Textures/T_CobbleStone_Pebble_D.uasset" 686
"../../../../../../Jeux Unreal/Christmas_Jam/Content/StarterContent/Textures/T_CobbleStone_Pebble_M.uasset" 687
"../../../../../../Jeux Unreal/Christmas_Jam/Content/StarterContent/Textures/T_CobbleStone_Pebble_N.uasset" 688
"../../../../../../Jeux Unreal/Christmas_Jam/Content/StarterContent/Materials/M_CobbleStone_Pebble.uasset" 689
"../../../../../../Jeux Unreal/Christmas_Jam/Content/StarterContent/Textures/T_CobbleStone_Rough_D.uasset" 690
"../../../../../../Jeux Unreal/Christmas_Jam/Content/StarterContent/Textures/T_CobbleStone_Rough_N.uasset" 691
"../../../../../../Jeux Unreal/Christmas_Jam/Content/StarterContent/Textures/T_Gradinet_01.uasset" 692
"../../../../../../Jeux Unreal/Christmas_Jam/Content/StarterContent/Textures/T_Rock_Smooth_Granite_D.uasset" 693
"../../../../../../Jeux Unreal/Christmas_Jam/Content/StarterContent/Materials/M_CobbleStone_Rough.uasset" 694
"../../../../../../Jeux Unreal/Christmas_Jam/Content/StarterContent/Textures/T_CobbleStone_Smooth_D.uasset" 695
"../../../../../../Jeux Unreal/Christmas_Jam/Content/StarterContent/Textures/T_CobbleStone_Smooth_M.uasset" 696
"../../../../../../Jeux Unreal/Christmas_Jam/Content/StarterContent/Textures/T_CobbleStone_Smooth_N.uasset" 697
"../../../../../../Jeux Unreal/Christmas_Jam/Content/StarterContent/Materials/M_CobbleStone_Smooth.uasset" 698
"../../../../../../Jeux Unreal/Christmas_Jam/Content/StarterContent/Textures/T_Concrete_Grime_D.uasset" 699
"../../../../../../Jeux Unreal/Christmas_Jam/Content/StarterContent/Textures/T_Metal_Rust_N.uasset" 700
"../../../../../../Jeux Unreal/Christmas_Jam/Content/StarterContent/Materials/M_Concrete_Grime.uasset" 701
"../../../../../../Jeux Unreal/Christmas_Jam/Content/StarterContent/Textures/T_Concrete_Panels_D.uasset" 702
"../../../../../../Jeux Unreal/Christmas_Jam/Content/StarterContent/Textures/T_Concrete_Panels_N.uasset" 703
"../../../../../../Jeux Unreal/Christmas_Jam/Content/StarterContent/Materials/M_Concrete_Panels.uasset" 704
"../../../../../../Jeux Unreal/Christmas_Jam/Content/StarterContent/Textures/T_Concrete_Poured_D.uasset" 705
"../../../../../../Jeux Unreal/Christmas_Jam/Content/StarterContent/Textures/T_Concrete_Poured_N.uasset" 706
"../../../../../../Jeux Unreal/Christmas_Jam/Content/StarterContent/Materials/M_Concrete_Poured.uasset" 707
"../../../../../../Jeux Unreal/Christmas_Jam/Content/StarterContent/Textures/T_Concrete_Tiles_D.uasset" 708
"../../../../../../Jeux Unreal/Christmas_Jam/Content/StarterContent/Textures/T_Concrete_Tiles_M.uasset" 709
"../../../../../../Jeux Unreal/Christmas_Jam/Content/StarterContent/Textures/T_Concrete_Tiles_N.uasset" 710
"../../../../../../Jeux Unreal/Christmas_Jam/Content/StarterContent/Textures/T_Concrete_Tiles_Variation_M.uasset" 711
"../../../../../../Jeux Unreal/Christmas_Jam/Content/StarterContent/Materials/M_Concrete_Tiles.uasset" 712
"../../../../../../Jeux Unreal/Christmas_Jam/Content/StarterContent/Textures/T_Ground_Grass_D.uasset" 713
"../../../../../../Jeux Unreal/Christmas_Jam/Content/StarterContent/Textures/T_Ground_Grass_N.uasset" 714
"../../../../../../Jeux Unreal/Christmas_Jam/Content/StarterContent/Materials/M_Ground_Grass.uasset" 715
"../../../../../../Jeux Unreal/Christmas_Jam/Content/StarterContent/Textures/T_Ground_Gravel_D.uasset" 716
"../../../../../../Jeux Unreal/Christmas_Jam/Content/StarterContent/Textures/T_Ground_Gravel_N.uasset" 717
"../../../../../../Jeux Unreal/Christmas_Jam/Content/StarterContent/Materials/M_Ground_Gravel.uasset" 718
"../../../../../../Jeux Unreal/Christmas_Jam/Content/StarterContent/Textures/T_ground_Moss_D.uasset" 719
"../../../../../../Jeux Unreal/Christmas_Jam/Content/StarterContent/Textures/T_Ground_Moss_N.uasset" 720
"../../../../../../Jeux Unreal/Christmas_Jam/Content/StarterContent/Materials/M_Ground_Moss.uasset" 721
"../../../../../../Jeux Unreal/Christmas_Jam/Content/StarterContent/Materials/M_Metal_Chrome.uasset" 722
"../../../../../../Jeux Unreal/Christmas_Jam/Content/StarterContent/Textures/T_Metal_Gold_D.uasset" 723
"../../../../../../Jeux Unreal/Christmas_Jam/Content/StarterContent/Materials/M_Metal_Gold.uasset" 724
"../../../../../../Jeux Unreal/Christmas_Jam/Content/StarterContent/Textures/T_Metal_Rust_D.uasset" 725
"../../../../../../Jeux Unreal/Christmas_Jam/Content/StarterContent/Materials/M_Metal_Rust.uasset" 726
"../../../../../../Jeux Unreal/Christmas_Jam/Content/StarterContent/Textures/T_Metal_Steel_D.uasset" 727
"../../../../../../Jeux Unreal/Christmas_Jam/Content/StarterContent/Textures/T_Metal_Steel_N.uasset" 728
"../../../../../../Jeux Unreal/Christmas_Jam/Content/StarterContent/Materials/M_Metal_Steel.uasset" 729
"../../../../../../Jeux Unreal/Christmas_Jam/Content/StarterContent/Textures/T_Rock_Basalt_N.uasset" 730
"../../../../../../Jeux Unreal/Christmas_Jam/Content/StarterContent/Materials/M_Rock_Basalt.uasset" 731
"../../../../../../Jeux Unreal/Christmas_Jam/Content/StarterContent/Materials/M_Rock_Marble_Polished.uasset" 732
"../../../../../../Jeux Unreal/Christmas_Jam/Content/StarterContent/Textures/T_Rock_Sandstone_D.uasset" 733
"../../../../../../Jeux Unreal/Christmas_Jam/Content/StarterContent/Textures/T_Rock_Sandstone_N.uasset" 734
"../../../../../../Jeux Unreal/Christmas_Jam/Content/StarterContent/Materials/M_Rock_Sandstone.uasset" 735
"../../../../../../Jeux Unreal/Christmas_Jam/Content/StarterContent/Textures/T_Rock_Slate_D.uasset" 736
"../../../../../../Jeux Unreal/Christmas_Jam/Content/StarterContent/Textures/T_Rock_Slate_N.uasset" 737
"../../../../../../Jeux Unreal/Christmas_Jam/Content/StarterContent/Materials/M_Rock_Slate.uasset" 738
"../../../../../../Jeux Unreal/Christmas_Jam/Content/StarterContent/Textures/T_Checker_Noise_M.uasset" 739
"../../../../../../Jeux Unreal/Christmas_Jam/Content/StarterContent/Textures/T_Single_Tile_N.uasset" 740
"../../../../../../Jeux Unreal/Christmas_Jam/Content/StarterContent/Textures/T_Tech_Dot_M.uasset" 741
"../../../../../../Jeux Unreal/Christmas_Jam/Content/StarterContent/Textures/T_Tech_Dot_N.uasset" 742
"../../../../../../Jeux Unreal/Christmas_Jam/Content/StarterContent/Materials/M_Tech_Checker_Dot.uasset" 743
"../../../../../../Jeux Unreal/Christmas_Jam/Content/StarterContent/Textures/T_Tech_Hex_Tile_M.uasset" 744
"../../../../../../Jeux Unreal/Christmas_Jam/Content/StarterContent/Textures/T_Tech_Hex_Tile_N.uasset" 745
"../../../../../../Jeux Unreal/Christmas_Jam/Content/StarterContent/Materials/M_Tech_Hex_Tile.uasset" 746
"../../../../../../Jeux Unreal/Christmas_Jam/Content/StarterContent/Materials/M_Tech_Hex_Tile_Pulse.uasset" 747
"../../../../../../Jeux Unreal/Christmas_Jam/Content/StarterContent/Textures/T_Tech_Panel_M.uasset" 748
"../../../../../../Jeux Unreal/Christmas_Jam/Content/StarterContent/Textures/T_Tech_Panel_N.uasset" 749
"../../../../../../Jeux Unreal/Christmas_Jam/Content/StarterContent/Materials/M_Tech_Panel.uasset" 750
"../../../../../../Jeux Unreal/Christmas_Jam/Content/StarterContent/Materials/M_Water_Lake.uasset" 751
"../../../../../../Jeux Unreal/Christmas_Jam/Content/StarterContent/Textures/T_Water_M.uasset" 752
"../../../../../../Jeux Unreal/Christmas_Jam/Content/StarterContent/Materials/M_Water_Ocean.uasset" 753
"../../../../../../Jeux Unreal/Christmas_Jam/Content/StarterContent/Textures/T_Wood_Floor_Walnut_D.uasset" 754
"../../../../../../Jeux Unreal/Christmas_Jam/Content/StarterContent/Textures/T_Wood_Floor_Walnut_M.uasset" 755
"../../../../../../Jeux Unreal/Christmas_Jam/Content/StarterContent/Textures/T_Wood_Floor_Walnut_N.uasset" 756
"../../../../../../Jeux Unreal/Christmas_Jam/Content/StarterContent/Materials/M_Wood_Floor_Walnut_Polished.uasset" 757
"../../../Engine/Content/Functions/Engine_MaterialFunctions01/Opacity/AlphaOffset.uasset" 758
"../../../../../../Jeux Unreal/Christmas_Jam/Content/StarterContent/Materials/M_Wood_Floor_Walnut_Worn.uasset" 759
"../../../../../../Jeux Unreal/Christmas_Jam/Content/StarterContent/Textures/T_Wood_Oak_D.uasset" 760
"../../../../../../Jeux Unreal/Christmas_Jam/Content/StarterContent/Textures/T_Wood_Oak_N.uasset" 761
"../../../../../../Jeux Unreal/Christmas_Jam/Content/StarterContent/Materials/M_Wood_Oak.uasset" 762
"../../../../../../Jeux Unreal/Christmas_Jam/Content/StarterContent/Textures/T_Wood_Pine_D.uasset" 763
"../../../../../../Jeux Unreal/Christmas_Jam/Content/StarterContent/Textures/T_Wood_Pine_N.uasset" 764
"../../../../../../Jeux Unreal/Christmas_Jam/Content/StarterContent/Materials/M_Wood_Pine.uasset" 765
"../../../../../../Jeux Unreal/Christmas_Jam/Content/StarterContent/Textures/T_Wood_Walnut_D.uasset" 766
"../../../../../../Jeux Unreal/Christmas_Jam/Content/StarterContent/Textures/T_Wood_Walnut_N.uasset" 767
"../../../../../../Jeux Unreal/Christmas_Jam/Content/StarterContent/Materials/M_Wood_Walnut.uasset" 768
"../../../../../../Jeux Unreal/Christmas_Jam/Content/StarterContent/Architecture/Wall_400x200.uasset" 769
"../../../../../../Jeux Unreal/Christmas_Jam/Content/StarterContent/Architecture/Wall_Door_400x300.uasset" 770
"../../../../../../Jeux Unreal/Christmas_Jam/Content/StarterContent/Architecture/Wall_Window_400x300.uasset" 771
"../../../../../../Jeux Unreal/Christmas_Jam/Content/StarterContent/Audio/Collapse_Cue.uasset" 772
"../../../../../../Jeux Unreal/Christmas_Jam/Content/StarterContent/Audio/Starter_Music_Cue.uasset" 773
"../../../../../../Jeux Unreal/Christmas_Jam/Content/StarterContent/Textures/T_Dust_Particle_D.uasset" 774
"../../../../../../Jeux Unreal/Christmas_Jam/Content/StarterContent/Particles/Materials/M_Dust_Particle.uasset" 775
"../../../../../../Jeux Unreal/Christmas_Jam/Content/StarterContent/Particles/P_Ambient_Dust.uasset" 776
"../../../../../../Jeux Unreal/Christmas_Jam/Content/StarterContent/Props/MaterialSphere.uasset" 777
"../../../../../../Jeux Unreal/Christmas_Jam/Content/StarterContent/Textures/T_Frame_M.uasset" 778
"../../../../../../Jeux Unreal/Christmas_Jam/Content/StarterContent/Textures/T_Frame_N.uasset" 779
"../../../../../../Jeux Unreal/Christmas_Jam/Content/StarterContent/Props/Materials/M_Frame.uasset" 780
"../../../../../../Jeux Unreal/Christmas_Jam/Content/StarterContent/Props/SM_CornerFrame.uasset" 781
"../../../../../../Jeux Unreal/Christmas_Jam/Content/StarterContent/Props/SM_DoorFrame.uasset" 782
"../../../../../../Jeux Unreal/Christmas_Jam/Content/StarterContent/Props/SM_GlassWindow.uasset" 783
"../../../../../../Jeux Unreal/Christmas_Jam/Content/StarterContent/Props/SM_PillarFrame.uasset" 784
"../../../../../../Jeux Unreal/Christmas_Jam/Content/StarterContent/Props/SM_PillarFrame300.uasset" 785
"../../../../../../Jeux Unreal/Christmas_Jam/Content/StarterContent/Props/SM_WindowFrame.uasset" 786
"../../../../../../Jeux Unreal/Christmas_Jam/Content/StarterContent/Shapes/Shape_Cube.uasset" 787
"../../../../../../Jeux Unreal/Christmas_Jam/Content/StarterContent/Shapes/Shape_QuadPyramid.uasset" 788
"../../../../../../Jeux Unreal/Christmas_Jam/Content/StarterContent/Shapes/Shape_Sphere.uasset" 789
"../../../../../../Jeux Unreal/Christmas_Jam/Content/StarterContent/Maps/StarterMap.umap" 790
"../../../../../../Jeux Unreal/Christmas_Jam/Content/UltraDynamicSky/Maps/DemoMap_BuiltData.uasset" 791
"../../../Engine/Content/BasicShapes/BasicShapeMaterial.uasset" 792
"../../../Engine/Content/MapTemplates/lut/LUT_Morning.uasset" 793
"../../../Engine/Content/MapTemplates/SM_Template_Map_Floor.uasset" 794
"../../../../../../Jeux Unreal/Christmas_Jam/Content/UltraDynamicSky/Maps/DemoMap.umap" 795
"../../../Engine/Content/Maps/Entry_BuiltData.uasset" 796
"../../../Engine/Content/Maps/Entry.umap" 797
